TN:
SF:setupTest.js
FNF:0
FNH:0
LF:0
LH:0
BRF:0
BRH:0
end_of_record
TN:
SF:vite.config.js
FNF:0
FNH:0
LF:0
LH:0
BRF:0
BRH:0
end_of_record
TN:
SF:coverage\lcov-report\block-navigation.js
FN:2,init
FN:24,toggleClass
FN:31,makeCurrent
FN:41,goToPrevious
FN:52,goToNext
FN:65,jump
FNF:6
FNH:0
FNDA:0,init
FNDA:0,toggleClass
FNDA:0,makeCurrent
FNDA:0,goToPrevious
FNDA:0,goToNext
FNDA:0,jump
DA:2,0
DA:4,0
DA:7,0
DA:10,0
DA:14,0
DA:20,0
DA:25,0
DA:28,0
DA:32,0
DA:33,0
DA:34,0
DA:42,0
DA:43,0
DA:44,0
DA:45,0
DA:46,0
DA:49,0
DA:53,0
DA:55,0
DA:59,0
DA:62,0
DA:65,0
DA:66,0
DA:71,0
DA:74,0
DA:77,0
DA:78,0
DA:82,0
DA:83,0
DA:87,0
LF:30
LH:0
BRDA:43,0,0,0
BRDA:43,0,1,0
BRDA:43,1,0,0
BRDA:43,1,1,0
BRDA:45,2,0,0
BRDA:45,2,1,0
BRDA:55,3,0,0
BRDA:55,3,1,0
BRDA:56,4,0,0
BRDA:56,4,1,0
BRDA:66,5,0,0
BRDA:66,5,1,0
BRDA:67,6,0,0
BRDA:67,6,1,0
BRDA:74,7,0,0
BRDA:74,7,1,0
BRDA:74,7,2,0
BRDA:74,7,3,0
BRDA:74,7,4,0
BRF:19
BRH:0
end_of_record
TN:
SF:coverage\lcov-report\prettify.js
FN:2,(anonymous_0)
FN:2,k
FN:2,ab
FN:2,T
FN:2,X
FN:2,(anonymous_5)
FN:2,W
FN:2,(anonymous_7)
FN:2,a
FN:2,aa
FN:2,B
FN:2,o
FN:2,g
FN:2,(anonymous_13)
FN:2,(anonymous_14)
FN:2,i
FN:2,Q
FN:2,ae
FN:2,ad
FN:2,ai
FN:2,D
FN:2,c
FN:2,q
FN:2,d
FN:2,y
FN:2,b
FN:2,Y
FN:2,(anonymous_27)
FN:2,U
FNF:29
FNH:0
FNDA:0,(anonymous_0)
FNDA:0,k
FNDA:0,ab
FNDA:0,T
FNDA:0,X
FNDA:0,(anonymous_5)
FNDA:0,W
FNDA:0,(anonymous_7)
FNDA:0,a
FNDA:0,aa
FNDA:0,B
FNDA:0,o
FNDA:0,g
FNDA:0,(anonymous_13)
FNDA:0,(anonymous_14)
FNDA:0,i
FNDA:0,Q
FNDA:0,ae
FNDA:0,ad
FNDA:0,ai
FNDA:0,D
FNDA:0,c
FNDA:0,q
FNDA:0,d
FNDA:0,y
FNDA:0,b
FNDA:0,Y
FNDA:0,(anonymous_27)
FNDA:0,U
DA:2,0
LF:1
LH:0
BRDA:2,0,0,0
BRDA:2,0,1,0
BRDA:2,1,0,0
BRDA:2,1,1,0
BRDA:2,2,0,0
BRDA:2,2,1,0
BRDA:2,3,0,0
BRDA:2,3,1,0
BRDA:2,4,0,0
BRDA:2,4,1,0
BRDA:2,5,0,0
BRDA:2,5,1,0
BRDA:2,6,0,0
BRDA:2,6,1,0
BRDA:2,7,0,0
BRDA:2,7,1,0
BRDA:2,8,0,0
BRDA:2,8,1,0
BRDA:2,9,0,0
BRDA:2,9,1,0
BRDA:2,10,0,0
BRDA:2,10,1,0
BRDA:2,11,0,0
BRDA:2,11,1,0
BRDA:2,11,2,0
BRDA:2,11,3,0
BRDA:2,12,0,0
BRDA:2,12,1,0
BRDA:2,13,0,0
BRDA:2,13,1,0
BRDA:2,14,0,0
BRDA:2,14,1,0
BRDA:2,15,0,0
BRDA:2,15,1,0
BRDA:2,16,0,0
BRDA:2,16,1,0
BRDA:2,17,0,0
BRDA:2,17,1,0
BRDA:2,18,0,0
BRDA:2,18,1,0
BRDA:2,19,0,0
BRDA:2,19,1,0
BRDA:2,20,0,0
BRDA:2,20,1,0
BRDA:2,21,0,0
BRDA:2,21,1,0
BRDA:2,22,0,0
BRDA:2,22,1,0
BRDA:2,23,0,0
BRDA:2,23,1,0
BRDA:2,24,0,0
BRDA:2,24,1,0
BRDA:2,25,0,0
BRDA:2,25,1,0
BRDA:2,26,0,0
BRDA:2,26,1,0
BRDA:2,27,0,0
BRDA:2,27,1,0
BRDA:2,28,0,0
BRDA:2,28,1,0
BRDA:2,29,0,0
BRDA:2,29,1,0
BRDA:2,30,0,0
BRDA:2,30,1,0
BRDA:2,31,0,0
BRDA:2,31,1,0
BRDA:2,32,0,0
BRDA:2,32,1,0
BRDA:2,33,0,0
BRDA:2,33,1,0
BRDA:2,34,0,0
BRDA:2,34,1,0
BRDA:2,35,0,0
BRDA:2,35,1,0
BRDA:2,36,0,0
BRDA:2,36,1,0
BRDA:2,37,0,0
BRDA:2,37,1,0
BRDA:2,38,0,0
BRDA:2,38,1,0
BRDA:2,39,0,0
BRDA:2,39,1,0
BRDA:2,40,0,0
BRDA:2,40,1,0
BRDA:2,41,0,0
BRDA:2,41,1,0
BRDA:2,42,0,0
BRDA:2,42,1,0
BRDA:2,43,0,0
BRDA:2,43,1,0
BRDA:2,44,0,0
BRDA:2,44,1,0
BRDA:2,45,0,0
BRDA:2,45,1,0
BRDA:2,46,0,0
BRDA:2,46,1,0
BRDA:2,47,0,0
BRDA:2,47,1,0
BRDA:2,48,0,0
BRDA:2,48,1,0
BRDA:2,49,0,0
BRDA:2,49,1,0
BRDA:2,50,0,0
BRDA:2,50,1,0
BRDA:2,50,2,0
BRDA:2,51,0,0
BRDA:2,51,1,0
BRDA:2,52,0,0
BRDA:2,52,1,0
BRDA:2,53,0,0
BRDA:2,53,1,0
BRDA:2,54,0,0
BRDA:2,54,1,0
BRDA:2,55,0,0
BRDA:2,55,1,0
BRDA:2,56,0,0
BRDA:2,56,1,0
BRDA:2,57,0,0
BRDA:2,57,1,0
BRDA:2,58,0,0
BRDA:2,58,1,0
BRDA:2,59,0,0
BRDA:2,59,1,0
BRDA:2,60,0,0
BRDA:2,60,1,0
BRDA:2,61,0,0
BRDA:2,61,1,0
BRDA:2,62,0,0
BRDA:2,62,1,0
BRDA:2,63,0,0
BRDA:2,63,1,0
BRDA:2,64,0,0
BRDA:2,64,1,0
BRDA:2,65,0,0
BRDA:2,65,1,0
BRDA:2,66,0,0
BRDA:2,66,1,0
BRDA:2,67,0,0
BRDA:2,67,1,0
BRDA:2,68,0,0
BRDA:2,68,1,0
BRDA:2,69,0,0
BRDA:2,69,1,0
BRDA:2,70,0,0
BRDA:2,70,1,0
BRDA:2,71,0,0
BRDA:2,71,1,0
BRDA:2,72,0,0
BRDA:2,72,1,0
BRDA:2,73,0,0
BRDA:2,73,1,0
BRDA:2,74,0,0
BRDA:2,74,1,0
BRDA:2,75,0,0
BRDA:2,75,1,0
BRDA:2,76,0,0
BRDA:2,76,1,0
BRDA:2,77,0,0
BRDA:2,77,1,0
BRDA:2,78,0,0
BRDA:2,78,1,0
BRDA:2,79,0,0
BRDA:2,79,1,0
BRDA:2,80,0,0
BRDA:2,80,1,0
BRDA:2,81,0,0
BRDA:2,81,1,0
BRDA:2,82,0,0
BRDA:2,82,1,0
BRDA:2,83,0,0
BRDA:2,83,1,0
BRDA:2,84,0,0
BRDA:2,84,1,0
BRDA:2,85,0,0
BRDA:2,85,1,0
BRDA:2,86,0,0
BRDA:2,86,1,0
BRDA:2,87,0,0
BRDA:2,87,1,0
BRDA:2,88,0,0
BRDA:2,88,1,0
BRDA:2,89,0,0
BRDA:2,89,1,0
BRDA:2,89,2,0
BRDA:2,90,0,0
BRDA:2,90,1,0
BRDA:2,91,0,0
BRDA:2,91,1,0
BRDA:2,92,0,0
BRDA:2,92,1,0
BRDA:2,93,0,0
BRDA:2,93,1,0
BRDA:2,94,0,0
BRDA:2,94,1,0
BRDA:2,95,0,0
BRDA:2,95,1,0
BRDA:2,96,0,0
BRDA:2,96,1,0
BRDA:2,97,0,0
BRDA:2,97,1,0
BRDA:2,98,0,0
BRDA:2,98,1,0
BRDA:2,99,0,0
BRDA:2,99,1,0
BRDA:2,100,0,0
BRDA:2,100,1,0
BRDA:2,101,0,0
BRDA:2,101,1,0
BRDA:2,102,0,0
BRDA:2,102,1,0
BRDA:2,103,0,0
BRDA:2,103,1,0
BRDA:2,104,0,0
BRDA:2,104,1,0
BRDA:2,105,0,0
BRDA:2,105,1,0
BRDA:2,106,0,0
BRDA:2,106,1,0
BRDA:2,107,0,0
BRDA:2,107,1,0
BRDA:2,108,0,0
BRDA:2,108,1,0
BRDA:2,109,0,0
BRDA:2,109,1,0
BRDA:2,110,0,0
BRDA:2,110,1,0
BRDA:2,111,0,0
BRDA:2,111,1,0
BRDA:2,112,0,0
BRDA:2,112,1,0
BRDA:2,113,0,0
BRDA:2,113,1,0
BRDA:2,114,0,0
BRDA:2,114,1,0
BRDA:2,115,0,0
BRDA:2,115,1,0
BRDA:2,116,0,0
BRDA:2,116,1,0
BRDA:2,117,0,0
BRDA:2,117,1,0
BRDA:2,118,0,0
BRDA:2,118,1,0
BRDA:2,119,0,0
BRDA:2,119,1,0
BRDA:2,120,0,0
BRDA:2,120,1,0
BRDA:2,121,0,0
BRDA:2,121,1,0
BRDA:2,122,0,0
BRDA:2,122,1,0
BRDA:2,123,0,0
BRDA:2,123,1,0
BRDA:2,124,0,0
BRDA:2,124,1,0
BRDA:2,125,0,0
BRDA:2,125,1,0
BRDA:2,126,0,0
BRDA:2,126,1,0
BRDA:2,127,0,0
BRDA:2,127,1,0
BRDA:2,128,0,0
BRDA:2,128,1,0
BRDA:2,128,2,0
BRDA:2,129,0,0
BRDA:2,129,1,0
BRDA:2,130,0,0
BRDA:2,130,1,0
BRDA:2,131,0,0
BRDA:2,131,1,0
BRDA:2,131,2,0
BRDA:2,131,3,0
BRDA:2,131,4,0
BRDA:2,132,0,0
BRDA:2,132,1,0
BRDA:2,133,0,0
BRDA:2,133,1,0
BRDA:2,134,0,0
BRDA:2,134,1,0
BRDA:2,135,0,0
BRDA:2,135,1,0
BRDA:2,136,0,0
BRDA:2,136,1,0
BRDA:2,137,0,0
BRDA:2,137,1,0
BRDA:2,138,0,0
BRDA:2,138,1,0
BRF:286
BRH:0
end_of_record
TN:
SF:coverage\lcov-report\sorter.js
FN:2,(anonymous_0)
FN:11,getTable
FN:15,getTableHeader
FN:19,getTableBody
FN:23,getNthColumn
FN:27,onFilterInput
FN:45,addSearchBox
FN:53,loadColumns
FN:78,loadRowData
FN:97,loadData
FN:106,sortByIndex
FN:108,(anonymous_11)
FN:120,(anonymous_12)
FN:137,removeSortIndicators
FN:145,addSortIndicators
FN:151,enableUI
FN:154,ithSorter
FN:157,(anonymous_17)
FN:184,(anonymous_18)
FNF:19
FNH:0
FNDA:0,(anonymous_0)
FNDA:0,getTable
FNDA:0,getTableHeader
FNDA:0,getTableBody
FNDA:0,getNthColumn
FNDA:0,onFilterInput
FNDA:0,addSearchBox
FNDA:0,loadColumns
FNDA:0,loadRowData
FNDA:0,loadData
FNDA:0,sortByIndex
FNDA:0,(anonymous_11)
FNDA:0,(anonymous_12)
FNDA:0,removeSortIndicators
FNDA:0,addSortIndicators
FNDA:0,enableUI
FNDA:0,ithSorter
FNDA:0,(anonymous_17)
FNDA:0,(anonymous_18)
DA:2,0
DA:5,0
DA:12,0
DA:16,0
DA:20,0
DA:24,0
DA:28,0
DA:29,0
DA:30,0
DA:31,0
DA:32,0
DA:37,0
DA:39,0
DA:46,0
DA:47,0
DA:48,0
DA:49,0
DA:54,0
DA:56,0
DA:60,0
DA:61,0
DA:62,0
DA:67,0
DA:68,0
DA:69,0
DA:70,0
DA:74,0
DA:79,0
DA:82,0
DA:85,0
DA:86,0
DA:87,0
DA:88,0
DA:89,0
DA:90,0
DA:92,0
DA:94,0
DA:98,0
DA:101,0
DA:102,0
DA:107,0
DA:108,0
DA:109,0
DA:110,0
DA:111,0
DA:113,0
DA:114,0
DA:115,0
DA:116,0
DA:119,0
DA:120,0
DA:121,0
DA:125,0
DA:126,0
DA:127,0
DA:130,0
DA:132,0
DA:133,0
DA:138,0
DA:139,0
DA:141,0
DA:142,0
DA:146,0
DA:154,0
DA:155,0
DA:157,0
DA:158,0
DA:160,0
DA:161,0
DA:163,0
DA:164,0
DA:165,0
DA:166,0
DA:167,0
DA:170,0
DA:171,0
DA:174,0
DA:175,0
DA:176,0
DA:178,0
DA:184,0
DA:185,0
DA:186,0
DA:188,0
DA:189,0
DA:190,0
DA:191,0
DA:192,0
DA:196,0
LF:89
LH:0
BRDA:32,0,0,0
BRDA:32,0,1,0
BRDA:65,1,0,0
BRDA:65,1,1,0
BRDA:68,2,0,0
BRDA:68,2,1,0
BRDA:89,3,0,0
BRDA:89,3,1,0
BRDA:111,4,0,0
BRDA:111,4,1,0
BRDA:111,5,0,0
BRDA:111,5,1,0
BRDA:119,6,0,0
BRDA:119,6,1,0
BRDA:146,7,0,0
BRDA:146,7,1,0
BRDA:160,8,0,0
BRDA:160,8,1,0
BRDA:171,9,0,0
BRDA:171,9,1,0
BRDA:175,10,0,0
BRDA:175,10,1,0
BRDA:185,11,0,0
BRDA:185,11,1,0
BRF:24
BRH:0
end_of_record
TN:
SF:dist\assets\index-fdaa8c0e.js
FN:1,Cp
FN:1,(anonymous_1)
FN:1,(anonymous_2)
FN:1,(anonymous_3)
FN:1,n
FN:1,r
FN:1,Np
FN:9,Ip
FN:9,(anonymous_8)
FN:9,(anonymous_9)
FN:9,(anonymous_10)
FN:9,(anonymous_11)
FN:9,In
FN:9,(anonymous_13)
FN:9,(anonymous_14)
FN:9,vc
FN:9,hl
FN:9,xc
FN:9,Mp
FN:9,yl
FN:9,Dp
FN:9,(anonymous_21)
FN:9,To
FN:9,ui
FN:9,(anonymous_24)
FN:9,Wr
FN:9,(anonymous_26)
FN:9,zp
FN:9,(anonymous_28)
FN:9,(anonymous_29)
FN:9,(anonymous_30)
FN:9,(anonymous_31)
FN:9,(anonymous_32)
FN:9,(anonymous_33)
FN:9,(anonymous_34)
FN:9,(anonymous_35)
FN:9,(anonymous_36)
FN:9,(anonymous_37)
FN:9,(anonymous_38)
FN:9,(anonymous_39)
FN:9,(anonymous_40)
FN:9,(anonymous_41)
FN:9,(anonymous_42)
FN:9,(anonymous_43)
FN:9,(anonymous_44)
FN:9,(anonymous_45)
FN:9,(anonymous_46)
FN:9,(anonymous_47)
FN:9,(anonymous_48)
FN:9,(anonymous_49)
FN:9,(anonymous_50)
FN:9,(anonymous_51)
FN:9,(anonymous_52)
FN:9,(anonymous_53)
FN:9,(anonymous_54)
FN:9,(anonymous_55)
FN:9,(anonymous_56)
FN:9,(anonymous_57)
FN:9,(anonymous_58)
FN:9,(anonymous_59)
FN:9,(anonymous_60)
FN:17,Ec
FN:25,(anonymous_62)
FN:25,t
FN:25,n
FN:25,r
FN:25,i
FN:25,(anonymous_67)
FN:25,(anonymous_68)
FN:25,h
FN:25,S
FN:25,N
FN:25,Q
FN:25,ft
FN:25,(anonymous_74)
FN:25,(anonymous_75)
FN:25,(anonymous_76)
FN:25,dt
FN:25,nn
FN:25,(anonymous_79)
FN:25,(anonymous_80)
FN:25,(anonymous_81)
FN:25,(anonymous_82)
FN:25,(anonymous_83)
FN:25,(anonymous_84)
FN:25,(anonymous_85)
FN:25,(anonymous_86)
FN:25,(anonymous_87)
FN:25,(anonymous_88)
FN:25,(anonymous_89)
FN:25,(anonymous_90)
FN:25,(anonymous_91)
FN:33,P
FN:33,en
FN:33,Ln
FN:33,Yp
FN:33,qp
FN:33,Gp
FN:33,me
FN:33,(anonymous_99)
FN:33,(anonymous_100)
FN:33,(anonymous_101)
FN:33,(anonymous_102)
FN:33,(anonymous_103)
FN:33,(anonymous_104)
FN:33,(anonymous_105)
FN:33,(anonymous_106)
FN:33,(anonymous_107)
FN:33,wl
FN:33,(anonymous_109)
FN:33,(anonymous_110)
FN:33,(anonymous_111)
FN:33,(anonymous_112)
FN:33,(anonymous_113)
FN:33,Sl
FN:33,Vn
FN:33,Zn
FN:34,Ao
FN:34,(anonymous_118)
FN:34,(anonymous_119)
FN:37,Xp
FN:37,hs
FN:37,Zp
FN:37,Tt
FN:37,Tc
FN:37,eh
FN:37,(anonymous_126)
FN:37,(anonymous_127)
FN:37,(anonymous_128)
FN:37,(anonymous_129)
FN:37,(anonymous_130)
FN:37,Qr
FN:37,_c
FN:37,Ni
FN:37,ms
FN:37,ja
FN:37,Fc
FN:37,gs
FN:37,Ta
FN:37,ys
FN:37,En
FN:37,vs
FN:37,_a
FN:37,Ac
FN:37,Fa
FN:37,Ic
FN:37,ws
FN:37,(anonymous_147)
FN:37,(anonymous_148)
FN:37,(anonymous_149)
FN:37,(anonymous_150)
FN:37,mr
FN:37,(anonymous_152)
FN:37,(anonymous_153)
FN:37,Dc
FN:37,zc
FN:37,Ss
FN:37,xs
FN:37,Nl
FN:37,Aa
FN:37,Uc
FN:37,$c
FN:37,Bc
FN:37,bc
FN:37,Vc
FN:37,gr
FN:37,(anonymous_166)
FN:37,rh
FN:37,(anonymous_168)
FN:37,oh
FN:37,sh
FN:37,tn
FN:37,Hc
FN:37,Ia
FN:37,lh
FN:37,Wc
FN:37,Kc
FN:37,dh
FN:37,mh
FN:37,tr
FN:37,Li
FN:37,gh
FN:37,yh
FN:37,Rs
FN:37,qc
FN:37,Mo
FN:37,Dr
FN:37,vh
FN:37,Rl
FN:37,Gc
FN:37,Da
FN:37,Wn
FN:37,Sh
FN:37,nf
FN:37,(anonymous_194)
FN:37,fi
FN:37,za
FN:37,xh
FN:37,Kn
FN:37,wr
FN:37,t
FN:37,Eh
FN:37,Ch
FN:37,Ll
FN:37,Ls
FN:37,rf
FN:37,of
FN:37,pi
FN:37,Xr
FN:37,Ua
FN:37,Re
FN:37,t
FN:37,(anonymous_212)
FN:37,(anonymous_213)
FN:37,(anonymous_214)
FN:37,(anonymous_215)
FN:37,(anonymous_216)
FN:37,(anonymous_217)
FN:37,(anonymous_218)
FN:37,(anonymous_219)
FN:37,Mh
FN:37,Tl
FN:37,(anonymous_222)
FN:37,(anonymous_223)
FN:37,(anonymous_224)
FN:37,(anonymous_225)
FN:37,(anonymous_226)
FN:37,(anonymous_227)
FN:37,lf
FN:37,af
FN:37,Jh
FN:37,Yh
FN:37,Wa
FN:37,uf
FN:37,Gh
FN:37,lo
FN:37,Xh
FN:37,Qa
FN:37,ff
FN:37,Zh
FN:37,em
FN:37,tm
FN:37,nm
FN:37,rm
FN:37,xr
FN:37,Ja
FN:37,Ya
FN:37,df
FN:37,pf
FN:37,Fl
FN:37,im
FN:37,qa
FN:37,Zr
FN:37,ao
FN:37,Ft
FN:37,Xa
FN:37,Sf
FN:37,$
FN:37,Wo
FN:37,Er
FN:37,(anonymous_260)
FN:37,xf
FN:37,Ko
FN:37,(anonymous_263)
FN:37,Cr
FN:37,Ti
FN:37,rn
FN:37,Za
FN:37,eu
FN:38,ti
FN:38,_i
FN:38,Fs
FN:38,(anonymous_272)
FN:38,pm
FN:38,(anonymous_274)
FN:38,Qo
FN:38,kt
FN:38,nu
FN:38,bt
FN:38,Ur
FN:38,hn
FN:38,uo
FN:38,At
FN:38,B
FN:38,U
FN:38,On
FN:38,we
FN:38,Fi
FN:38,ru
FN:38,Ef
FN:38,Ai
FN:38,iu
FN:38,Cf
FN:38,gm
FN:38,It
FN:38,$t
FN:38,Nf
FN:38,Al
FN:38,Il
FN:38,kf
FN:38,ou
FN:38,Ds
FN:38,zs
FN:38,su
FN:38,ni
FN:38,Rf
FN:38,jn
FN:38,Ml
FN:38,Ie
FN:38,zl
FN:38,Ul
FN:38,Us
FN:38,Rn
FN:38,_e
FN:38,$l
FN:38,Pf
FN:38,at
FN:38,Bl
FN:38,Lf
FN:38,ot
FN:38,Rt
FN:38,hi
FN:38,lu
FN:38,Ui
FN:38,au
FN:38,$s
FN:38,(anonymous_326)
FN:38,(anonymous_327)
FN:38,(anonymous_328)
FN:38,(anonymous_329)
FN:38,uu
FN:38,jf
FN:38,cu
FN:38,Bs
FN:38,Jn
FN:38,(anonymous_335)
FN:38,ri
FN:38,fu
FN:38,Tf
FN:38,t
FN:38,n
FN:38,r
FN:38,i
FN:38,o
FN:38,s
FN:38,a
FN:38,l
FN:38,u
FN:38,c
FN:38,d
FN:38,f
FN:38,y
FN:38,m
FN:38,(anonymous_353)
FN:38,w
FN:38,(anonymous_355)
FN:38,x
FN:38,Ht
FN:38,bl
FN:38,_n
FN:38,Ff
FN:38,Vl
FN:38,$i
FN:38,Hl
FN:38,ae
FN:38,Wl
FN:38,Kl
FN:38,Ql
FN:38,Qe
FN:38,Fe
FN:38,Lr
FN:38,Go
FN:38,Xo
FN:38,Af
FN:38,If
FN:38,Mf
FN:38,Df
FN:38,zf
FN:38,(anonymous_378)
FN:38,Uf
FN:38,$f
FN:38,du
FN:38,Or
FN:38,Bf
FN:38,gi
FN:38,po
FN:38,pu
FN:38,Jl
FN:38,bf
FN:38,Vf
FN:38,Hf
FN:38,(anonymous_391)
FN:38,(anonymous_392)
FN:38,Wf
FN:38,Yl
FN:38,Kf
FN:38,Qf
FN:38,Jf
FN:38,wm
FN:38,Yf
FN:38,Sm
FN:38,xm
FN:38,qf
FN:38,Gf
FN:38,Xf
FN:38,(anonymous_405)
FN:38,(anonymous_406)
FN:38,(anonymous_407)
FN:38,(anonymous_408)
FN:38,(anonymous_409)
FN:38,(anonymous_410)
FN:38,(anonymous_411)
FN:38,(anonymous_412)
FN:38,(anonymous_413)
FN:38,(anonymous_414)
FN:38,(anonymous_415)
FN:38,(anonymous_416)
FN:38,(anonymous_417)
FN:38,(anonymous_418)
FN:38,(anonymous_419)
FN:38,(anonymous_420)
FN:38,(anonymous_421)
FN:38,(anonymous_422)
FN:38,Fn
FN:40,Zo
FN:40,bs
FN:40,(anonymous_426)
FN:40,Zf
FN:40,(anonymous_428)
FN:40,ed
FN:40,(anonymous_430)
FN:40,(anonymous_431)
FN:40,(anonymous_432)
FN:40,hu
FN:40,mu
FN:40,gu
FN:40,de
FN:40,yu
FN:40,vu
FN:40,td
FN:40,nd
FN:40,rd
FN:40,Vs
FN:40,wu
FN:40,Hs
FN:40,id
FN:40,Su
FN:40,Ks
FN:40,od
FN:40,ql
FN:40,ii
FN:40,Pm
FN:40,xu
FN:40,es
FN:40,sd
FN:40,yi
FN:40,ut
FN:40,Lm
FN:40,(anonymous_458)
FN:40,(anonymous_459)
FN:40,(anonymous_460)
FN:40,(anonymous_461)
FN:40,Yn
FN:40,ue
FN:40,Om
FN:40,jm
FN:40,wn
FN:40,Js
FN:40,_m
FN:40,cr
FN:40,ho
FN:40,Ys
FN:40,cd
FN:40,fd
FN:40,Cu
FN:40,qs
FN:40,Gs
FN:40,pt
FN:40,dd
FN:40,Nu
FN:40,(anonymous_480)
FN:40,Ae
FN:40,pd
FN:40,Ke
FN:40,Fm
FN:40,hd
FN:40,ku
FN:40,Ru
FN:40,Pu
FN:40,pe
FN:40,Lt
FN:40,$e
FN:40,Se
FN:40,(anonymous_493)
FN:40,md
FN:40,el
FN:40,tl
FN:40,Im
FN:40,vt
FN:40,Lu
FN:40,ea
FN:40,Gt
FN:40,ta
FN:40,Wt
FN:40,gd
FN:40,yd
FN:40,na
FN:40,Ki
FN:40,Mm
FN:40,Dm
FN:40,vd
FN:40,wd
FN:40,Bt
FN:40,zm
FN:40,(anonymous_514)
FN:40,Pn
FN:40,Ou
FN:40,J
FN:40,Um
FN:40,Sd
FN:40,$m
FN:40,Bm
FN:40,(anonymous_522)
FN:40,Ed
FN:40,bm
FN:40,Oe
FN:40,ra
FN:40,Vm
FN:40,Ot
FN:40,Si
FN:40,Kt
FN:40,go
FN:40,ts
FN:40,ns
FN:40,Hm
FN:40,ia
FN:40,Wm
FN:40,Cd
FN:40,Nd
FN:40,yo
FN:40,Qi
FN:40,ju
FN:40,oa
FN:40,Km
FN:40,(anonymous_544)
FN:40,sa
FN:40,(anonymous_546)
FN:40,(anonymous_547)
FN:40,(anonymous_548)
FN:40,vo
FN:40,(anonymous_550)
FN:40,la
FN:40,wo
FN:40,Tu
FN:40,Qm
FN:40,(anonymous_555)
FN:40,(anonymous_556)
FN:40,(anonymous_557)
FN:40,So
FN:40,(anonymous_559)
FN:40,(anonymous_560)
FN:40,(anonymous_561)
FN:40,(anonymous_562)
FN:40,(anonymous_563)
FN:40,(anonymous_564)
FN:40,(anonymous_565)
FN:40,(anonymous_566)
FN:40,(anonymous_567)
FN:40,(anonymous_568)
FN:40,(anonymous_569)
FN:40,(anonymous_570)
FN:40,(anonymous_571)
FN:40,(anonymous_572)
FN:40,(anonymous_573)
FN:40,(anonymous_574)
FN:40,(anonymous_575)
FN:40,(anonymous_576)
FN:40,(anonymous_577)
FN:40,(anonymous_578)
FN:40,Rd
FN:49,Tr
FN:49,(anonymous_581)
FN:49,(anonymous_582)
FN:49,Gm
FN:49,t
FN:49,n
FN:49,q
FN:49,Pd
FN:49,Xm
FN:49,Au
FN:49,nl
FN:49,Ji
FN:49,zn
FN:49,Zm
FN:49,c
FN:49,d
FN:49,f
FN:49,y
FN:49,m
FN:49,(anonymous_599)
FN:49,(anonymous_600)
FN:49,(anonymous_601)
FN:49,(anonymous_602)
FN:49,(anonymous_603)
FN:49,(anonymous_604)
FN:49,(anonymous_605)
FN:49,(anonymous_606)
FN:49,eg
FN:49,Ld
FN:49,(anonymous_609)
FN:49,(anonymous_610)
FN:49,Od
FN:49,(anonymous_612)
FN:49,(anonymous_613)
FN:49,tg
FN:49,(anonymous_615)
FN:49,(anonymous_616)
FN:49,(anonymous_617)
FN:49,(anonymous_618)
FN:49,ag
FN:49,(anonymous_620)
FN:49,(anonymous_621)
FN:49,ug
FN:49,(anonymous_623)
FN:49,cg
FN:49,fg
FN:49,(anonymous_626)
FN:49,dg
FN:49,(anonymous_628)
FN:49,pg
FN:49,(anonymous_630)
FN:49,aa
FN:49,hg
FN:49,mg
FN:49,(anonymous_634)
FN:49,rs
FN:49,gg
FN:49,(anonymous_637)
FN:49,ua
FN:49,(anonymous_639)
FN:49,(anonymous_640)
FN:49,ca
FN:49,(anonymous_642)
FN:49,(anonymous_643)
FN:49,(anonymous_644)
FN:49,(anonymous_645)
FN:49,Sg
FN:58,_r
FN:58,(anonymous_648)
FN:58,Cg
FN:58,Un
FN:58,Br
FN:58,_d
FN:58,da
FN:58,Ng
FN:58,(anonymous_655)
FN:58,(anonymous_656)
FN:58,Fd
FN:58,(anonymous_658)
FN:58,kg
FN:58,Rg
FN:58,(anonymous_661)
FN:58,Pg
FN:58,(anonymous_663)
FN:58,(anonymous_664)
FN:58,(anonymous_665)
FN:58,(anonymous_666)
FN:58,(anonymous_667)
FN:58,jg
FN:58,Tg
FN:58,(anonymous_670)
FN:58,(anonymous_671)
FN:58,(anonymous_672)
FN:58,(anonymous_673)
FN:58,(anonymous_674)
FN:58,_g
FN:58,Fg
FN:58,Ag
FN:58,Id
FN:58,Ig
FN:58,Mg
FN:58,(anonymous_681)
FN:58,(anonymous_682)
FN:58,Dg
FN:58,rr
FN:58,(anonymous_685)
FN:58,et
FN:58,zg
FN:58,(anonymous_688)
FN:58,(anonymous_689)
FN:58,Ug
FN:58,(anonymous_691)
FN:58,rl
FN:58,(anonymous_693)
FN:67,il
FN:67,(anonymous_695)
FN:67,$g
FN:67,Bg
FN:67,bg
FN:67,Kg
FN:67,(anonymous_700)
FN:67,(anonymous_701)
FN:67,(anonymous_702)
FN:67,(anonymous_703)
FN:67,p
FN:67,(anonymous_705)
FN:67,(anonymous_706)
FN:67,Yg
FN:67,(anonymous_708)
FN:67,qg
FN:67,ol
FN:67,(anonymous_711)
FN:67,(anonymous_712)
FN:67,(anonymous_713)
FN:67,(anonymous_714)
FN:67,bu
FN:67,Vu
FN:67,(anonymous_717)
FN:67,Gg
FN:67,(anonymous_719)
FN:67,Xg
FN:67,(anonymous_721)
FN:67,(anonymous_722)
FN:67,(anonymous_723)
FN:67,i0
FN:67,s0
FN:67,(anonymous_726)
FN:67,(anonymous_727)
FN:67,(anonymous_728)
FN:67,(anonymous_729)
FN:67,(anonymous_730)
FN:67,(anonymous_731)
FN:67,zd
FN:67,u0
FN:67,Eo
FN:67,(anonymous_735)
FN:67,(anonymous_736)
FN:67,(anonymous_737)
FN:67,(anonymous_738)
FN:67,(anonymous_739)
FN:67,(anonymous_740)
FN:67,(anonymous_741)
FN:67,R
FN:67,(anonymous_743)
FN:67,(anonymous_744)
FN:67,(anonymous_745)
FN:67,(anonymous_746)
FN:67,(anonymous_747)
FN:67,(anonymous_748)
FN:67,(anonymous_749)
FN:67,c0
FN:67,(anonymous_751)
FN:67,(anonymous_752)
FN:67,(anonymous_753)
FN:67,(anonymous_754)
FN:67,(anonymous_755)
FN:67,(anonymous_756)
FN:67,(anonymous_757)
FN:67,(anonymous_758)
FN:67,(anonymous_759)
FN:67,(anonymous_760)
FN:67,(anonymous_761)
FN:67,(anonymous_762)
FN:67,(anonymous_763)
FN:67,(anonymous_764)
FN:67,(anonymous_765)
FN:67,(anonymous_766)
FN:67,(anonymous_767)
FN:67,Ud
FN:67,(anonymous_769)
FN:67,(anonymous_770)
FN:67,(anonymous_771)
FN:67,(anonymous_772)
FN:67,(anonymous_773)
FN:67,(anonymous_774)
FN:67,(anonymous_775)
FN:67,g0
FN:67,y0
FN:67,(anonymous_778)
FN:67,(anonymous_779)
FN:67,(anonymous_780)
FN:67,(anonymous_781)
FN:67,(anonymous_782)
FN:67,(anonymous_783)
FN:67,br
FN:67,bd
FN:67,(anonymous_786)
FN:67,(anonymous_787)
FN:67,sl
FN:67,(anonymous_789)
FN:67,(anonymous_790)
FN:67,(anonymous_791)
FN:67,(anonymous_792)
FN:67,(anonymous_793)
FN:67,(anonymous_794)
FN:67,(anonymous_795)
FN:67,(anonymous_796)
FN:67,(anonymous_797)
FN:67,(anonymous_798)
FN:67,(anonymous_799)
FN:67,(anonymous_800)
FN:67,(anonymous_801)
FN:67,(anonymous_802)
FN:67,(anonymous_803)
FN:67,(anonymous_804)
FN:67,(anonymous_805)
FN:67,(anonymous_806)
FN:67,(anonymous_807)
FN:67,(anonymous_808)
FN:67,(anonymous_809)
FN:67,(anonymous_810)
FN:67,(anonymous_811)
FN:67,(anonymous_812)
FN:67,(anonymous_813)
FN:67,(anonymous_814)
FN:67,(anonymous_815)
FN:67,Y0
FN:67,(anonymous_817)
FN:67,(anonymous_818)
FN:67,(anonymous_819)
FN:67,(anonymous_820)
FN:67,A
FN:67,(anonymous_822)
FN:67,(anonymous_823)
FN:67,(anonymous_824)
FN:67,(anonymous_825)
FN:67,(anonymous_826)
FN:67,ll
FN:67,Yd
FN:67,Ku
FN:67,(anonymous_830)
FN:67,ey
FN:67,(anonymous_832)
FN:67,Ro
FN:67,(anonymous_834)
FN:67,u
FN:67,c
FN:67,(anonymous_837)
FN:67,y
FN:67,(anonymous_839)
FN:67,Qu
FN:67,(anonymous_841)
FN:67,ha
FN:67,(anonymous_843)
FN:67,(anonymous_844)
FN:67,(anonymous_845)
FN:67,(anonymous_846)
FN:67,ny
FN:67,Gd
FN:67,(anonymous_849)
FN:67,(anonymous_850)
FN:67,(anonymous_851)
FN:67,(anonymous_852)
FN:67,(anonymous_853)
FN:67,(anonymous_854)
FN:67,(anonymous_855)
FN:67,(anonymous_856)
FN:67,dy
FN:67,(anonymous_858)
FN:67,py
FN:67,(anonymous_860)
FN:67,hy
FN:67,Zd
FN:67,t
FN:67,(anonymous_864)
FN:67,my
FN:67,(anonymous_866)
FN:67,(anonymous_867)
FN:67,(anonymous_868)
FN:67,(anonymous_869)
FN:67,(anonymous_870)
FN:68,(anonymous_871)
FN:68,Gn
FN:68,Ei
FN:68,vy
FN:68,(anonymous_875)
FN:68,os
FN:68,Sy
FN:68,(anonymous_878)
FN:68,xy
FN:68,(anonymous_880)
FN:68,(anonymous_881)
FN:68,(anonymous_882)
FN:68,(anonymous_883)
FN:68,o
FN:68,(anonymous_885)
FN:68,(anonymous_886)
FN:68,(anonymous_887)
FN:68,(anonymous_888)
FN:68,(anonymous_889)
FN:68,o
FN:68,(anonymous_891)
FN:68,(anonymous_892)
FN:68,(anonymous_893)
FN:68,(anonymous_894)
FN:68,(anonymous_895)
FN:68,(anonymous_896)
FN:68,(anonymous_897)
FN:68,(anonymous_898)
FN:68,(anonymous_899)
FN:69,(anonymous_900)
FN:69,(anonymous_901)
FN:69,(anonymous_902)
FN:69,(anonymous_903)
FN:69,(anonymous_904)
FN:69,o
FN:69,(anonymous_906)
FN:69,(anonymous_907)
FN:69,(anonymous_908)
FN:69,ss
FN:69,(anonymous_910)
FN:69,ep
FN:69,bn
FN:69,tp
FN:69,Ey
FN:69,Cy
FN:69,(anonymous_916)
FN:69,Ny
FN:69,(anonymous_918)
FN:69,(anonymous_919)
FN:69,(anonymous_920)
FN:69,(anonymous_921)
FN:69,(anonymous_922)
FN:69,i
FN:69,(anonymous_924)
FN:69,(anonymous_925)
FN:69,(anonymous_926)
FN:69,(anonymous_927)
FN:69,(anonymous_928)
FN:69,(anonymous_929)
FN:69,(anonymous_930)
FN:69,(anonymous_931)
FN:69,(anonymous_932)
FN:69,Py
FN:69,Ly
FN:69,np
FN:69,(anonymous_936)
FN:69,Xt
FN:69,r
FN:69,i
FN:69,o
FN:69,s
FN:69,a
FN:69,(anonymous_943)
FN:69,(anonymous_944)
FN:69,(anonymous_945)
FN:69,(anonymous_946)
FN:69,(anonymous_947)
FN:69,(anonymous_948)
FN:69,u
FN:69,d
FN:69,(anonymous_951)
FN:69,(anonymous_952)
FN:69,(anonymous_953)
FN:69,(anonymous_954)
FN:69,(anonymous_955)
FN:69,(anonymous_956)
FN:69,(anonymous_957)
FN:69,(anonymous_958)
FN:69,(anonymous_959)
FN:69,(anonymous_960)
FN:69,(anonymous_961)
FN:69,(anonymous_962)
FN:69,(anonymous_963)
FN:69,(anonymous_964)
FN:69,(anonymous_965)
FN:69,(anonymous_966)
FN:69,(anonymous_967)
FN:69,(anonymous_968)
FN:69,(anonymous_969)
FN:69,(anonymous_970)
FN:69,(anonymous_971)
FN:69,(anonymous_972)
FN:69,(anonymous_973)
FN:69,(anonymous_974)
FN:69,(anonymous_975)
FN:69,(anonymous_976)
FN:69,(anonymous_977)
FN:69,(anonymous_978)
FN:69,(anonymous_979)
FN:69,(anonymous_980)
FN:69,(anonymous_981)
FN:69,(anonymous_982)
FN:69,(anonymous_983)
FN:69,(anonymous_984)
FN:69,(anonymous_985)
FN:69,(anonymous_986)
FN:69,(anonymous_987)
FN:69,(anonymous_988)
FN:69,(anonymous_989)
FN:69,(anonymous_990)
FN:69,(anonymous_991)
FN:69,(anonymous_992)
FN:69,(anonymous_993)
FN:69,(anonymous_994)
FN:69,(anonymous_995)
FN:69,(anonymous_996)
FN:71,ls
FN:71,tc
FN:71,(anonymous_999)
FN:71,(anonymous_1000)
FN:71,(anonymous_1001)
FN:71,(anonymous_1002)
FN:71,(anonymous_1003)
FN:71,i
FN:71,(anonymous_1005)
FN:71,$y
FN:71,(anonymous_1007)
FN:71,(anonymous_1008)
FN:72,(anonymous_1009)
FN:72,(anonymous_1010)
FN:72,(anonymous_1011)
FN:72,(anonymous_1012)
FN:72,(anonymous_1013)
FN:72,(anonymous_1014)
FN:72,(anonymous_1015)
FN:72,(anonymous_1016)
FN:72,n
FN:72,(anonymous_1018)
FN:72,(anonymous_1019)
FN:72,(anonymous_1020)
FN:72,(anonymous_1021)
FN:72,(anonymous_1022)
FN:72,(anonymous_1023)
FN:72,(anonymous_1024)
FN:72,(anonymous_1025)
FN:72,(anonymous_1026)
FN:72,(anonymous_1027)
FN:72,(anonymous_1028)
FN:72,(anonymous_1029)
FN:72,(anonymous_1030)
FN:72,by
FN:72,(anonymous_1032)
FN:72,Vy
FN:72,(anonymous_1034)
FN:72,lp
FN:72,(anonymous_1036)
FN:72,(anonymous_1037)
FN:72,(anonymous_1038)
FN:72,(anonymous_1039)
FN:72,(anonymous_1040)
FN:72,(anonymous_1041)
FN:72,(anonymous_1042)
FN:72,(anonymous_1043)
FN:72,(anonymous_1044)
FN:72,(anonymous_1045)
FN:72,(anonymous_1046)
FN:72,(anonymous_1047)
FN:72,(anonymous_1048)
FN:72,(anonymous_1049)
FN:72,(anonymous_1050)
FN:72,(anonymous_1051)
FN:72,(anonymous_1052)
FN:72,(anonymous_1053)
FN:72,(anonymous_1054)
FN:72,(anonymous_1055)
FN:72,(anonymous_1056)
FN:72,(anonymous_1057)
FN:72,(anonymous_1058)
FN:72,(anonymous_1059)
FN:72,(anonymous_1060)
FN:72,(anonymous_1061)
FN:72,(anonymous_1062)
FN:72,(anonymous_1063)
FN:72,(anonymous_1064)
FN:72,(anonymous_1065)
FN:72,(anonymous_1066)
FN:72,(anonymous_1067)
FN:76,(anonymous_1068)
FN:76,(anonymous_1069)
FN:76,(anonymous_1070)
FN:76,(anonymous_1071)
FN:76,(anonymous_1072)
FN:76,(anonymous_1073)
FN:76,(anonymous_1074)
FN:76,(anonymous_1075)
FN:76,(anonymous_1076)
FN:76,(anonymous_1077)
FN:76,(anonymous_1078)
FN:76,(anonymous_1079)
FN:76,(anonymous_1080)
FN:76,(anonymous_1081)
FN:76,(anonymous_1082)
FN:76,(anonymous_1083)
FN:76,(anonymous_1084)
FN:76,(anonymous_1085)
FN:76,(anonymous_1086)
FN:76,(anonymous_1087)
FN:76,(anonymous_1088)
FN:76,(anonymous_1089)
FN:76,(anonymous_1090)
FN:76,(anonymous_1091)
FN:76,(anonymous_1092)
FN:76,(anonymous_1093)
FN:76,(anonymous_1094)
FN:76,(anonymous_1095)
FN:76,(anonymous_1096)
FN:76,(anonymous_1097)
FN:76,(anonymous_1098)
FN:76,r
FN:76,i
FN:76,o
FN:76,(anonymous_1102)
FN:76,(anonymous_1103)
FN:76,(anonymous_1104)
FN:76,(anonymous_1105)
FN:76,(anonymous_1106)
FN:76,(anonymous_1107)
FN:76,(anonymous_1108)
FN:76,(anonymous_1109)
FN:76,(anonymous_1110)
FN:76,(anonymous_1111)
FN:76,(anonymous_1112)
FN:76,(anonymous_1113)
FN:76,(anonymous_1114)
FN:76,(anonymous_1115)
FN:76,(anonymous_1116)
FN:76,(anonymous_1117)
FN:76,(anonymous_1118)
FN:76,(anonymous_1119)
FN:80,yp
FN:80,(anonymous_1121)
FN:80,(anonymous_1122)
FN:80,vp
FN:80,(anonymous_1124)
FN:80,(anonymous_1125)
FN:80,wp
FN:80,(anonymous_1127)
FN:80,Gy
FN:80,(anonymous_1129)
FN:80,(anonymous_1130)
FN:80,(anonymous_1131)
FN:80,(anonymous_1132)
FN:80,(anonymous_1133)
FN:80,Xy
FN:80,(anonymous_1135)
FN:80,Zy
FN:80,(anonymous_1137)
FN:80,(anonymous_1138)
FN:80,(anonymous_1139)
FN:80,(anonymous_1140)
FN:80,(anonymous_1141)
FN:80,(anonymous_1142)
FN:80,(anonymous_1143)
FN:80,(anonymous_1144)
FN:80,tv
FN:80,(anonymous_1146)
FN:80,(anonymous_1147)
FN:80,(anonymous_1148)
FN:80,(anonymous_1149)
FN:80,(anonymous_1150)
FN:80,(anonymous_1151)
FN:80,(anonymous_1152)
FN:80,(anonymous_1153)
FN:80,(anonymous_1154)
FN:80,(anonymous_1155)
FN:80,(anonymous_1156)
FN:80,(anonymous_1157)
FN:80,(anonymous_1158)
FN:80,(anonymous_1159)
FN:80,(anonymous_1160)
FN:80,(anonymous_1161)
FN:80,(anonymous_1162)
FN:80,iv
FN:80,(anonymous_1164)
FN:80,(anonymous_1165)
FN:80,(anonymous_1166)
FN:80,(anonymous_1167)
FN:80,(anonymous_1168)
FN:80,(anonymous_1169)
FN:80,(anonymous_1170)
FN:80,(anonymous_1171)
FN:80,(anonymous_1172)
FN:80,(anonymous_1173)
FN:80,(anonymous_1174)
FN:80,(anonymous_1175)
FN:80,(anonymous_1176)
FN:80,(anonymous_1177)
FN:80,(anonymous_1178)
FN:80,(anonymous_1179)
FN:80,(anonymous_1180)
FN:80,(anonymous_1181)
FN:80,(anonymous_1182)
FN:80,(anonymous_1183)
FN:80,(anonymous_1184)
FN:80,(anonymous_1185)
FN:80,(anonymous_1186)
FN:80,(anonymous_1187)
FN:80,(anonymous_1188)
FN:80,Xn
FN:80,(anonymous_1190)
FN:80,ic
FN:80,lv
FN:80,(anonymous_1193)
FN:80,pr
FN:80,r
FN:80,i
FN:80,oc
FN:80,uv
FN:80,to
FN:80,cv
FN:80,xp
FN:80,ln
FN:80,dv
FN:80,(anonymous_1204)
FN:80,(anonymous_1205)
FN:80,(anonymous_1206)
FN:80,gv
FN:80,(anonymous_1208)
FN:80,(anonymous_1209)
FN:80,pl
FN:80,no
FN:80,(anonymous_1212)
FN:80,(anonymous_1213)
FN:80,(anonymous_1214)
FN:80,(anonymous_1215)
FN:80,(anonymous_1216)
FN:80,(anonymous_1217)
FN:80,(anonymous_1218)
FN:80,(anonymous_1219)
FN:80,(anonymous_1220)
FN:80,(anonymous_1221)
FN:80,(anonymous_1222)
FN:80,(anonymous_1223)
FN:80,(anonymous_1224)
FN:80,(anonymous_1225)
FN:80,(anonymous_1226)
FN:80,(anonymous_1227)
FN:80,(anonymous_1228)
FN:80,(anonymous_1229)
FN:80,(anonymous_1230)
FN:80,(anonymous_1231)
FN:80,(anonymous_1232)
FN:80,(anonymous_1233)
FN:80,(anonymous_1234)
FN:80,(anonymous_1235)
FN:80,(anonymous_1236)
FN:80,(anonymous_1237)
FN:80,(anonymous_1238)
FN:80,(anonymous_1239)
FN:80,(anonymous_1240)
FN:80,(anonymous_1241)
FN:80,(anonymous_1242)
FN:80,(anonymous_1243)
FN:80,(anonymous_1244)
FN:80,(anonymous_1245)
FN:80,(anonymous_1246)
FN:80,as
FN:80,(anonymous_1248)
FN:80,(anonymous_1249)
FN:80,(anonymous_1250)
FN:80,(anonymous_1251)
FN:80,(anonymous_1252)
FN:80,(anonymous_1253)
FN:80,(anonymous_1254)
FN:80,(anonymous_1255)
FN:80,(anonymous_1256)
FN:80,(anonymous_1257)
FN:80,(anonymous_1258)
FN:80,(anonymous_1259)
FN:80,(anonymous_1260)
FN:80,(anonymous_1261)
FN:80,(anonymous_1262)
FN:80,(anonymous_1263)
FN:80,(anonymous_1264)
FN:80,(anonymous_1265)
FN:80,(anonymous_1266)
FN:80,(anonymous_1267)
FN:80,(anonymous_1268)
FN:80,(anonymous_1269)
FN:80,(anonymous_1270)
FN:80,(anonymous_1271)
FN:80,(anonymous_1272)
FN:80,(anonymous_1273)
FN:80,(anonymous_1274)
FN:80,(anonymous_1275)
FN:80,(anonymous_1276)
FN:80,(anonymous_1277)
FN:80,(anonymous_1278)
FN:80,(anonymous_1279)
FN:80,(anonymous_1280)
FN:80,(anonymous_1281)
FN:80,(anonymous_1282)
FN:80,(anonymous_1283)
FN:80,xv
FN:80,(anonymous_1285)
FN:80,(anonymous_1286)
FN:80,(anonymous_1287)
FN:80,(anonymous_1288)
FN:80,(anonymous_1289)
FN:80,(anonymous_1290)
FN:80,(anonymous_1291)
FN:80,(anonymous_1292)
FN:80,(anonymous_1293)
FN:80,(anonymous_1294)
FN:80,(anonymous_1295)
FN:80,(anonymous_1296)
FN:80,(anonymous_1297)
FN:80,(anonymous_1298)
FN:80,(anonymous_1299)
FN:80,(anonymous_1300)
FN:80,cc
FN:80,(anonymous_1302)
FN:80,(anonymous_1303)
FN:80,(anonymous_1304)
FN:80,(anonymous_1305)
FN:80,(anonymous_1306)
FN:80,(anonymous_1307)
FN:80,(anonymous_1308)
FN:80,u
FN:80,(anonymous_1310)
FN:80,(anonymous_1311)
FN:80,(anonymous_1312)
FN:80,(anonymous_1313)
FN:80,(anonymous_1314)
FN:80,a
FN:80,(anonymous_1316)
FN:80,(anonymous_1317)
FN:80,Nv
FN:80,(anonymous_1319)
FN:80,an
FN:80,(anonymous_1321)
FN:80,(anonymous_1322)
FN:80,(anonymous_1323)
FN:80,(anonymous_1324)
FN:80,(anonymous_1325)
FN:80,(anonymous_1326)
FN:80,(anonymous_1327)
FN:80,(anonymous_1328)
FN:80,(anonymous_1329)
FN:80,(anonymous_1330)
FN:80,(anonymous_1331)
FN:80,(anonymous_1332)
FN:80,(anonymous_1333)
FN:80,(anonymous_1334)
FN:80,(anonymous_1335)
FN:80,(anonymous_1336)
FN:80,(anonymous_1337)
FN:80,Rv
FN:80,(anonymous_1339)
FN:80,(anonymous_1340)
FN:80,(anonymous_1341)
FN:80,(anonymous_1342)
FN:80,(anonymous_1343)
FN:80,(anonymous_1344)
FN:80,(anonymous_1345)
FN:80,(anonymous_1346)
FN:80,(anonymous_1347)
FN:80,(anonymous_1348)
FN:80,(anonymous_1349)
FN:80,(anonymous_1350)
FN:80,(anonymous_1351)
FN:80,(anonymous_1352)
FN:80,(anonymous_1353)
FN:80,(anonymous_1354)
FN:80,(anonymous_1355)
FN:80,(anonymous_1356)
FN:80,(anonymous_1357)
FN:80,(anonymous_1358)
FN:80,(anonymous_1359)
FN:80,(anonymous_1360)
FN:80,fc
FN:80,(anonymous_1362)
FN:80,(anonymous_1363)
FN:80,(anonymous_1364)
FN:80,dc
FN:80,ai
FN:80,Lv
FN:80,(anonymous_1368)
FN:80,(anonymous_1369)
FN:80,(anonymous_1370)
FN:80,(anonymous_1371)
FN:80,o
FN:80,(anonymous_1373)
FN:80,(anonymous_1374)
FN:80,(anonymous_1375)
FN:80,(anonymous_1376)
FN:80,(anonymous_1377)
FN:80,(anonymous_1378)
FN:80,(anonymous_1379)
FN:80,(anonymous_1380)
FN:80,(anonymous_1381)
FN:80,(anonymous_1382)
FN:80,(anonymous_1383)
FN:80,(anonymous_1384)
FN:80,(anonymous_1385)
FN:80,(anonymous_1386)
FN:80,(anonymous_1387)
FN:80,(anonymous_1388)
FN:80,(anonymous_1389)
FN:80,(anonymous_1390)
FN:80,(anonymous_1391)
FN:80,(anonymous_1392)
FN:80,(anonymous_1393)
FN:80,(anonymous_1394)
FN:80,(anonymous_1395)
FN:80,(anonymous_1396)
FN:80,(anonymous_1397)
FN:80,(anonymous_1398)
FN:80,(anonymous_1399)
FN:80,(anonymous_1400)
FN:80,(anonymous_1401)
FN:80,(anonymous_1402)
FN:80,(anonymous_1403)
FN:80,(anonymous_1404)
FN:80,(anonymous_1405)
FN:80,(anonymous_1406)
FN:80,(anonymous_1407)
FN:80,(anonymous_1408)
FN:80,(anonymous_1409)
FN:80,(anonymous_1410)
FN:80,(anonymous_1411)
FN:80,(anonymous_1412)
FN:80,(anonymous_1413)
FN:80,(anonymous_1414)
FN:80,(anonymous_1415)
FN:80,(anonymous_1416)
FN:80,(anonymous_1417)
FN:80,(anonymous_1418)
FNF:1419
FNH:0
FNDA:0,Cp
FNDA:0,(anonymous_1)
FNDA:0,(anonymous_2)
FNDA:0,(anonymous_3)
FNDA:0,n
FNDA:0,r
FNDA:0,Np
FNDA:0,Ip
FNDA:0,(anonymous_8)
FNDA:0,(anonymous_9)
FNDA:0,(anonymous_10)
FNDA:0,(anonymous_11)
FNDA:0,In
FNDA:0,(anonymous_13)
FNDA:0,(anonymous_14)
FNDA:0,vc
FNDA:0,hl
FNDA:0,xc
FNDA:0,Mp
FNDA:0,yl
FNDA:0,Dp
FNDA:0,(anonymous_21)
FNDA:0,To
FNDA:0,ui
FNDA:0,(anonymous_24)
FNDA:0,Wr
FNDA:0,(anonymous_26)
FNDA:0,zp
FNDA:0,(anonymous_28)
FNDA:0,(anonymous_29)
FNDA:0,(anonymous_30)
FNDA:0,(anonymous_31)
FNDA:0,(anonymous_32)
FNDA:0,(anonymous_33)
FNDA:0,(anonymous_34)
FNDA:0,(anonymous_35)
FNDA:0,(anonymous_36)
FNDA:0,(anonymous_37)
FNDA:0,(anonymous_38)
FNDA:0,(anonymous_39)
FNDA:0,(anonymous_40)
FNDA:0,(anonymous_41)
FNDA:0,(anonymous_42)
FNDA:0,(anonymous_43)
FNDA:0,(anonymous_44)
FNDA:0,(anonymous_45)
FNDA:0,(anonymous_46)
FNDA:0,(anonymous_47)
FNDA:0,(anonymous_48)
FNDA:0,(anonymous_49)
FNDA:0,(anonymous_50)
FNDA:0,(anonymous_51)
FNDA:0,(anonymous_52)
FNDA:0,(anonymous_53)
FNDA:0,(anonymous_54)
FNDA:0,(anonymous_55)
FNDA:0,(anonymous_56)
FNDA:0,(anonymous_57)
FNDA:0,(anonymous_58)
FNDA:0,(anonymous_59)
FNDA:0,(anonymous_60)
FNDA:0,Ec
FNDA:0,(anonymous_62)
FNDA:0,t
FNDA:0,n
FNDA:0,r
FNDA:0,i
FNDA:0,(anonymous_67)
FNDA:0,(anonymous_68)
FNDA:0,h
FNDA:0,S
FNDA:0,N
FNDA:0,Q
FNDA:0,ft
FNDA:0,(anonymous_74)
FNDA:0,(anonymous_75)
FNDA:0,(anonymous_76)
FNDA:0,dt
FNDA:0,nn
FNDA:0,(anonymous_79)
FNDA:0,(anonymous_80)
FNDA:0,(anonymous_81)
FNDA:0,(anonymous_82)
FNDA:0,(anonymous_83)
FNDA:0,(anonymous_84)
FNDA:0,(anonymous_85)
FNDA:0,(anonymous_86)
FNDA:0,(anonymous_87)
FNDA:0,(anonymous_88)
FNDA:0,(anonymous_89)
FNDA:0,(anonymous_90)
FNDA:0,(anonymous_91)
FNDA:0,P
FNDA:0,en
FNDA:0,Ln
FNDA:0,Yp
FNDA:0,qp
FNDA:0,Gp
FNDA:0,me
FNDA:0,(anonymous_99)
FNDA:0,(anonymous_100)
FNDA:0,(anonymous_101)
FNDA:0,(anonymous_102)
FNDA:0,(anonymous_103)
FNDA:0,(anonymous_104)
FNDA:0,(anonymous_105)
FNDA:0,(anonymous_106)
FNDA:0,(anonymous_107)
FNDA:0,wl
FNDA:0,(anonymous_109)
FNDA:0,(anonymous_110)
FNDA:0,(anonymous_111)
FNDA:0,(anonymous_112)
FNDA:0,(anonymous_113)
FNDA:0,Sl
FNDA:0,Vn
FNDA:0,Zn
FNDA:0,Ao
FNDA:0,(anonymous_118)
FNDA:0,(anonymous_119)
FNDA:0,Xp
FNDA:0,hs
FNDA:0,Zp
FNDA:0,Tt
FNDA:0,Tc
FNDA:0,eh
FNDA:0,(anonymous_126)
FNDA:0,(anonymous_127)
FNDA:0,(anonymous_128)
FNDA:0,(anonymous_129)
FNDA:0,(anonymous_130)
FNDA:0,Qr
FNDA:0,_c
FNDA:0,Ni
FNDA:0,ms
FNDA:0,ja
FNDA:0,Fc
FNDA:0,gs
FNDA:0,Ta
FNDA:0,ys
FNDA:0,En
FNDA:0,vs
FNDA:0,_a
FNDA:0,Ac
FNDA:0,Fa
FNDA:0,Ic
FNDA:0,ws
FNDA:0,(anonymous_147)
FNDA:0,(anonymous_148)
FNDA:0,(anonymous_149)
FNDA:0,(anonymous_150)
FNDA:0,mr
FNDA:0,(anonymous_152)
FNDA:0,(anonymous_153)
FNDA:0,Dc
FNDA:0,zc
FNDA:0,Ss
FNDA:0,xs
FNDA:0,Nl
FNDA:0,Aa
FNDA:0,Uc
FNDA:0,$c
FNDA:0,Bc
FNDA:0,bc
FNDA:0,Vc
FNDA:0,gr
FNDA:0,(anonymous_166)
FNDA:0,rh
FNDA:0,(anonymous_168)
FNDA:0,oh
FNDA:0,sh
FNDA:0,tn
FNDA:0,Hc
FNDA:0,Ia
FNDA:0,lh
FNDA:0,Wc
FNDA:0,Kc
FNDA:0,dh
FNDA:0,mh
FNDA:0,tr
FNDA:0,Li
FNDA:0,gh
FNDA:0,yh
FNDA:0,Rs
FNDA:0,qc
FNDA:0,Mo
FNDA:0,Dr
FNDA:0,vh
FNDA:0,Rl
FNDA:0,Gc
FNDA:0,Da
FNDA:0,Wn
FNDA:0,Sh
FNDA:0,nf
FNDA:0,(anonymous_194)
FNDA:0,fi
FNDA:0,za
FNDA:0,xh
FNDA:0,Kn
FNDA:0,wr
FNDA:0,t
FNDA:0,Eh
FNDA:0,Ch
FNDA:0,Ll
FNDA:0,Ls
FNDA:0,rf
FNDA:0,of
FNDA:0,pi
FNDA:0,Xr
FNDA:0,Ua
FNDA:0,Re
FNDA:0,t
FNDA:0,(anonymous_212)
FNDA:0,(anonymous_213)
FNDA:0,(anonymous_214)
FNDA:0,(anonymous_215)
FNDA:0,(anonymous_216)
FNDA:0,(anonymous_217)
FNDA:0,(anonymous_218)
FNDA:0,(anonymous_219)
FNDA:0,Mh
FNDA:0,Tl
FNDA:0,(anonymous_222)
FNDA:0,(anonymous_223)
FNDA:0,(anonymous_224)
FNDA:0,(anonymous_225)
FNDA:0,(anonymous_226)
FNDA:0,(anonymous_227)
FNDA:0,lf
FNDA:0,af
FNDA:0,Jh
FNDA:0,Yh
FNDA:0,Wa
FNDA:0,uf
FNDA:0,Gh
FNDA:0,lo
FNDA:0,Xh
FNDA:0,Qa
FNDA:0,ff
FNDA:0,Zh
FNDA:0,em
FNDA:0,tm
FNDA:0,nm
FNDA:0,rm
FNDA:0,xr
FNDA:0,Ja
FNDA:0,Ya
FNDA:0,df
FNDA:0,pf
FNDA:0,Fl
FNDA:0,im
FNDA:0,qa
FNDA:0,Zr
FNDA:0,ao
FNDA:0,Ft
FNDA:0,Xa
FNDA:0,Sf
FNDA:0,$
FNDA:0,Wo
FNDA:0,Er
FNDA:0,(anonymous_260)
FNDA:0,xf
FNDA:0,Ko
FNDA:0,(anonymous_263)
FNDA:0,Cr
FNDA:0,Ti
FNDA:0,rn
FNDA:0,Za
FNDA:0,eu
FNDA:0,ti
FNDA:0,_i
FNDA:0,Fs
FNDA:0,(anonymous_272)
FNDA:0,pm
FNDA:0,(anonymous_274)
FNDA:0,Qo
FNDA:0,kt
FNDA:0,nu
FNDA:0,bt
FNDA:0,Ur
FNDA:0,hn
FNDA:0,uo
FNDA:0,At
FNDA:0,B
FNDA:0,U
FNDA:0,On
FNDA:0,we
FNDA:0,Fi
FNDA:0,ru
FNDA:0,Ef
FNDA:0,Ai
FNDA:0,iu
FNDA:0,Cf
FNDA:0,gm
FNDA:0,It
FNDA:0,$t
FNDA:0,Nf
FNDA:0,Al
FNDA:0,Il
FNDA:0,kf
FNDA:0,ou
FNDA:0,Ds
FNDA:0,zs
FNDA:0,su
FNDA:0,ni
FNDA:0,Rf
FNDA:0,jn
FNDA:0,Ml
FNDA:0,Ie
FNDA:0,zl
FNDA:0,Ul
FNDA:0,Us
FNDA:0,Rn
FNDA:0,_e
FNDA:0,$l
FNDA:0,Pf
FNDA:0,at
FNDA:0,Bl
FNDA:0,Lf
FNDA:0,ot
FNDA:0,Rt
FNDA:0,hi
FNDA:0,lu
FNDA:0,Ui
FNDA:0,au
FNDA:0,$s
FNDA:0,(anonymous_326)
FNDA:0,(anonymous_327)
FNDA:0,(anonymous_328)
FNDA:0,(anonymous_329)
FNDA:0,uu
FNDA:0,jf
FNDA:0,cu
FNDA:0,Bs
FNDA:0,Jn
FNDA:0,(anonymous_335)
FNDA:0,ri
FNDA:0,fu
FNDA:0,Tf
FNDA:0,t
FNDA:0,n
FNDA:0,r
FNDA:0,i
FNDA:0,o
FNDA:0,s
FNDA:0,a
FNDA:0,l
FNDA:0,u
FNDA:0,c
FNDA:0,d
FNDA:0,f
FNDA:0,y
FNDA:0,m
FNDA:0,(anonymous_353)
FNDA:0,w
FNDA:0,(anonymous_355)
FNDA:0,x
FNDA:0,Ht
FNDA:0,bl
FNDA:0,_n
FNDA:0,Ff
FNDA:0,Vl
FNDA:0,$i
FNDA:0,Hl
FNDA:0,ae
FNDA:0,Wl
FNDA:0,Kl
FNDA:0,Ql
FNDA:0,Qe
FNDA:0,Fe
FNDA:0,Lr
FNDA:0,Go
FNDA:0,Xo
FNDA:0,Af
FNDA:0,If
FNDA:0,Mf
FNDA:0,Df
FNDA:0,zf
FNDA:0,(anonymous_378)
FNDA:0,Uf
FNDA:0,$f
FNDA:0,du
FNDA:0,Or
FNDA:0,Bf
FNDA:0,gi
FNDA:0,po
FNDA:0,pu
FNDA:0,Jl
FNDA:0,bf
FNDA:0,Vf
FNDA:0,Hf
FNDA:0,(anonymous_391)
FNDA:0,(anonymous_392)
FNDA:0,Wf
FNDA:0,Yl
FNDA:0,Kf
FNDA:0,Qf
FNDA:0,Jf
FNDA:0,wm
FNDA:0,Yf
FNDA:0,Sm
FNDA:0,xm
FNDA:0,qf
FNDA:0,Gf
FNDA:0,Xf
FNDA:0,(anonymous_405)
FNDA:0,(anonymous_406)
FNDA:0,(anonymous_407)
FNDA:0,(anonymous_408)
FNDA:0,(anonymous_409)
FNDA:0,(anonymous_410)
FNDA:0,(anonymous_411)
FNDA:0,(anonymous_412)
FNDA:0,(anonymous_413)
FNDA:0,(anonymous_414)
FNDA:0,(anonymous_415)
FNDA:0,(anonymous_416)
FNDA:0,(anonymous_417)
FNDA:0,(anonymous_418)
FNDA:0,(anonymous_419)
FNDA:0,(anonymous_420)
FNDA:0,(anonymous_421)
FNDA:0,(anonymous_422)
FNDA:0,Fn
FNDA:0,Zo
FNDA:0,bs
FNDA:0,(anonymous_426)
FNDA:0,Zf
FNDA:0,(anonymous_428)
FNDA:0,ed
FNDA:0,(anonymous_430)
FNDA:0,(anonymous_431)
FNDA:0,(anonymous_432)
FNDA:0,hu
FNDA:0,mu
FNDA:0,gu
FNDA:0,de
FNDA:0,yu
FNDA:0,vu
FNDA:0,td
FNDA:0,nd
FNDA:0,rd
FNDA:0,Vs
FNDA:0,wu
FNDA:0,Hs
FNDA:0,id
FNDA:0,Su
FNDA:0,Ks
FNDA:0,od
FNDA:0,ql
FNDA:0,ii
FNDA:0,Pm
FNDA:0,xu
FNDA:0,es
FNDA:0,sd
FNDA:0,yi
FNDA:0,ut
FNDA:0,Lm
FNDA:0,(anonymous_458)
FNDA:0,(anonymous_459)
FNDA:0,(anonymous_460)
FNDA:0,(anonymous_461)
FNDA:0,Yn
FNDA:0,ue
FNDA:0,Om
FNDA:0,jm
FNDA:0,wn
FNDA:0,Js
FNDA:0,_m
FNDA:0,cr
FNDA:0,ho
FNDA:0,Ys
FNDA:0,cd
FNDA:0,fd
FNDA:0,Cu
FNDA:0,qs
FNDA:0,Gs
FNDA:0,pt
FNDA:0,dd
FNDA:0,Nu
FNDA:0,(anonymous_480)
FNDA:0,Ae
FNDA:0,pd
FNDA:0,Ke
FNDA:0,Fm
FNDA:0,hd
FNDA:0,ku
FNDA:0,Ru
FNDA:0,Pu
FNDA:0,pe
FNDA:0,Lt
FNDA:0,$e
FNDA:0,Se
FNDA:0,(anonymous_493)
FNDA:0,md
FNDA:0,el
FNDA:0,tl
FNDA:0,Im
FNDA:0,vt
FNDA:0,Lu
FNDA:0,ea
FNDA:0,Gt
FNDA:0,ta
FNDA:0,Wt
FNDA:0,gd
FNDA:0,yd
FNDA:0,na
FNDA:0,Ki
FNDA:0,Mm
FNDA:0,Dm
FNDA:0,vd
FNDA:0,wd
FNDA:0,Bt
FNDA:0,zm
FNDA:0,(anonymous_514)
FNDA:0,Pn
FNDA:0,Ou
FNDA:0,J
FNDA:0,Um
FNDA:0,Sd
FNDA:0,$m
FNDA:0,Bm
FNDA:0,(anonymous_522)
FNDA:0,Ed
FNDA:0,bm
FNDA:0,Oe
FNDA:0,ra
FNDA:0,Vm
FNDA:0,Ot
FNDA:0,Si
FNDA:0,Kt
FNDA:0,go
FNDA:0,ts
FNDA:0,ns
FNDA:0,Hm
FNDA:0,ia
FNDA:0,Wm
FNDA:0,Cd
FNDA:0,Nd
FNDA:0,yo
FNDA:0,Qi
FNDA:0,ju
FNDA:0,oa
FNDA:0,Km
FNDA:0,(anonymous_544)
FNDA:0,sa
FNDA:0,(anonymous_546)
FNDA:0,(anonymous_547)
FNDA:0,(anonymous_548)
FNDA:0,vo
FNDA:0,(anonymous_550)
FNDA:0,la
FNDA:0,wo
FNDA:0,Tu
FNDA:0,Qm
FNDA:0,(anonymous_555)
FNDA:0,(anonymous_556)
FNDA:0,(anonymous_557)
FNDA:0,So
FNDA:0,(anonymous_559)
FNDA:0,(anonymous_560)
FNDA:0,(anonymous_561)
FNDA:0,(anonymous_562)
FNDA:0,(anonymous_563)
FNDA:0,(anonymous_564)
FNDA:0,(anonymous_565)
FNDA:0,(anonymous_566)
FNDA:0,(anonymous_567)
FNDA:0,(anonymous_568)
FNDA:0,(anonymous_569)
FNDA:0,(anonymous_570)
FNDA:0,(anonymous_571)
FNDA:0,(anonymous_572)
FNDA:0,(anonymous_573)
FNDA:0,(anonymous_574)
FNDA:0,(anonymous_575)
FNDA:0,(anonymous_576)
FNDA:0,(anonymous_577)
FNDA:0,(anonymous_578)
FNDA:0,Rd
FNDA:0,Tr
FNDA:0,(anonymous_581)
FNDA:0,(anonymous_582)
FNDA:0,Gm
FNDA:0,t
FNDA:0,n
FNDA:0,q
FNDA:0,Pd
FNDA:0,Xm
FNDA:0,Au
FNDA:0,nl
FNDA:0,Ji
FNDA:0,zn
FNDA:0,Zm
FNDA:0,c
FNDA:0,d
FNDA:0,f
FNDA:0,y
FNDA:0,m
FNDA:0,(anonymous_599)
FNDA:0,(anonymous_600)
FNDA:0,(anonymous_601)
FNDA:0,(anonymous_602)
FNDA:0,(anonymous_603)
FNDA:0,(anonymous_604)
FNDA:0,(anonymous_605)
FNDA:0,(anonymous_606)
FNDA:0,eg
FNDA:0,Ld
FNDA:0,(anonymous_609)
FNDA:0,(anonymous_610)
FNDA:0,Od
FNDA:0,(anonymous_612)
FNDA:0,(anonymous_613)
FNDA:0,tg
FNDA:0,(anonymous_615)
FNDA:0,(anonymous_616)
FNDA:0,(anonymous_617)
FNDA:0,(anonymous_618)
FNDA:0,ag
FNDA:0,(anonymous_620)
FNDA:0,(anonymous_621)
FNDA:0,ug
FNDA:0,(anonymous_623)
FNDA:0,cg
FNDA:0,fg
FNDA:0,(anonymous_626)
FNDA:0,dg
FNDA:0,(anonymous_628)
FNDA:0,pg
FNDA:0,(anonymous_630)
FNDA:0,aa
FNDA:0,hg
FNDA:0,mg
FNDA:0,(anonymous_634)
FNDA:0,rs
FNDA:0,gg
FNDA:0,(anonymous_637)
FNDA:0,ua
FNDA:0,(anonymous_639)
FNDA:0,(anonymous_640)
FNDA:0,ca
FNDA:0,(anonymous_642)
FNDA:0,(anonymous_643)
FNDA:0,(anonymous_644)
FNDA:0,(anonymous_645)
FNDA:0,Sg
FNDA:0,_r
FNDA:0,(anonymous_648)
FNDA:0,Cg
FNDA:0,Un
FNDA:0,Br
FNDA:0,_d
FNDA:0,da
FNDA:0,Ng
FNDA:0,(anonymous_655)
FNDA:0,(anonymous_656)
FNDA:0,Fd
FNDA:0,(anonymous_658)
FNDA:0,kg
FNDA:0,Rg
FNDA:0,(anonymous_661)
FNDA:0,Pg
FNDA:0,(anonymous_663)
FNDA:0,(anonymous_664)
FNDA:0,(anonymous_665)
FNDA:0,(anonymous_666)
FNDA:0,(anonymous_667)
FNDA:0,jg
FNDA:0,Tg
FNDA:0,(anonymous_670)
FNDA:0,(anonymous_671)
FNDA:0,(anonymous_672)
FNDA:0,(anonymous_673)
FNDA:0,(anonymous_674)
FNDA:0,_g
FNDA:0,Fg
FNDA:0,Ag
FNDA:0,Id
FNDA:0,Ig
FNDA:0,Mg
FNDA:0,(anonymous_681)
FNDA:0,(anonymous_682)
FNDA:0,Dg
FNDA:0,rr
FNDA:0,(anonymous_685)
FNDA:0,et
FNDA:0,zg
FNDA:0,(anonymous_688)
FNDA:0,(anonymous_689)
FNDA:0,Ug
FNDA:0,(anonymous_691)
FNDA:0,rl
FNDA:0,(anonymous_693)
FNDA:0,il
FNDA:0,(anonymous_695)
FNDA:0,$g
FNDA:0,Bg
FNDA:0,bg
FNDA:0,Kg
FNDA:0,(anonymous_700)
FNDA:0,(anonymous_701)
FNDA:0,(anonymous_702)
FNDA:0,(anonymous_703)
FNDA:0,p
FNDA:0,(anonymous_705)
FNDA:0,(anonymous_706)
FNDA:0,Yg
FNDA:0,(anonymous_708)
FNDA:0,qg
FNDA:0,ol
FNDA:0,(anonymous_711)
FNDA:0,(anonymous_712)
FNDA:0,(anonymous_713)
FNDA:0,(anonymous_714)
FNDA:0,bu
FNDA:0,Vu
FNDA:0,(anonymous_717)
FNDA:0,Gg
FNDA:0,(anonymous_719)
FNDA:0,Xg
FNDA:0,(anonymous_721)
FNDA:0,(anonymous_722)
FNDA:0,(anonymous_723)
FNDA:0,i0
FNDA:0,s0
FNDA:0,(anonymous_726)
FNDA:0,(anonymous_727)
FNDA:0,(anonymous_728)
FNDA:0,(anonymous_729)
FNDA:0,(anonymous_730)
FNDA:0,(anonymous_731)
FNDA:0,zd
FNDA:0,u0
FNDA:0,Eo
FNDA:0,(anonymous_735)
FNDA:0,(anonymous_736)
FNDA:0,(anonymous_737)
FNDA:0,(anonymous_738)
FNDA:0,(anonymous_739)
FNDA:0,(anonymous_740)
FNDA:0,(anonymous_741)
FNDA:0,R
FNDA:0,(anonymous_743)
FNDA:0,(anonymous_744)
FNDA:0,(anonymous_745)
FNDA:0,(anonymous_746)
FNDA:0,(anonymous_747)
FNDA:0,(anonymous_748)
FNDA:0,(anonymous_749)
FNDA:0,c0
FNDA:0,(anonymous_751)
FNDA:0,(anonymous_752)
FNDA:0,(anonymous_753)
FNDA:0,(anonymous_754)
FNDA:0,(anonymous_755)
FNDA:0,(anonymous_756)
FNDA:0,(anonymous_757)
FNDA:0,(anonymous_758)
FNDA:0,(anonymous_759)
FNDA:0,(anonymous_760)
FNDA:0,(anonymous_761)
FNDA:0,(anonymous_762)
FNDA:0,(anonymous_763)
FNDA:0,(anonymous_764)
FNDA:0,(anonymous_765)
FNDA:0,(anonymous_766)
FNDA:0,(anonymous_767)
FNDA:0,Ud
FNDA:0,(anonymous_769)
FNDA:0,(anonymous_770)
FNDA:0,(anonymous_771)
FNDA:0,(anonymous_772)
FNDA:0,(anonymous_773)
FNDA:0,(anonymous_774)
FNDA:0,(anonymous_775)
FNDA:0,g0
FNDA:0,y0
FNDA:0,(anonymous_778)
FNDA:0,(anonymous_779)
FNDA:0,(anonymous_780)
FNDA:0,(anonymous_781)
FNDA:0,(anonymous_782)
FNDA:0,(anonymous_783)
FNDA:0,br
FNDA:0,bd
FNDA:0,(anonymous_786)
FNDA:0,(anonymous_787)
FNDA:0,sl
FNDA:0,(anonymous_789)
FNDA:0,(anonymous_790)
FNDA:0,(anonymous_791)
FNDA:0,(anonymous_792)
FNDA:0,(anonymous_793)
FNDA:0,(anonymous_794)
FNDA:0,(anonymous_795)
FNDA:0,(anonymous_796)
FNDA:0,(anonymous_797)
FNDA:0,(anonymous_798)
FNDA:0,(anonymous_799)
FNDA:0,(anonymous_800)
FNDA:0,(anonymous_801)
FNDA:0,(anonymous_802)
FNDA:0,(anonymous_803)
FNDA:0,(anonymous_804)
FNDA:0,(anonymous_805)
FNDA:0,(anonymous_806)
FNDA:0,(anonymous_807)
FNDA:0,(anonymous_808)
FNDA:0,(anonymous_809)
FNDA:0,(anonymous_810)
FNDA:0,(anonymous_811)
FNDA:0,(anonymous_812)
FNDA:0,(anonymous_813)
FNDA:0,(anonymous_814)
FNDA:0,(anonymous_815)
FNDA:0,Y0
FNDA:0,(anonymous_817)
FNDA:0,(anonymous_818)
FNDA:0,(anonymous_819)
FNDA:0,(anonymous_820)
FNDA:0,A
FNDA:0,(anonymous_822)
FNDA:0,(anonymous_823)
FNDA:0,(anonymous_824)
FNDA:0,(anonymous_825)
FNDA:0,(anonymous_826)
FNDA:0,ll
FNDA:0,Yd
FNDA:0,Ku
FNDA:0,(anonymous_830)
FNDA:0,ey
FNDA:0,(anonymous_832)
FNDA:0,Ro
FNDA:0,(anonymous_834)
FNDA:0,u
FNDA:0,c
FNDA:0,(anonymous_837)
FNDA:0,y
FNDA:0,(anonymous_839)
FNDA:0,Qu
FNDA:0,(anonymous_841)
FNDA:0,ha
FNDA:0,(anonymous_843)
FNDA:0,(anonymous_844)
FNDA:0,(anonymous_845)
FNDA:0,(anonymous_846)
FNDA:0,ny
FNDA:0,Gd
FNDA:0,(anonymous_849)
FNDA:0,(anonymous_850)
FNDA:0,(anonymous_851)
FNDA:0,(anonymous_852)
FNDA:0,(anonymous_853)
FNDA:0,(anonymous_854)
FNDA:0,(anonymous_855)
FNDA:0,(anonymous_856)
FNDA:0,dy
FNDA:0,(anonymous_858)
FNDA:0,py
FNDA:0,(anonymous_860)
FNDA:0,hy
FNDA:0,Zd
FNDA:0,t
FNDA:0,(anonymous_864)
FNDA:0,my
FNDA:0,(anonymous_866)
FNDA:0,(anonymous_867)
FNDA:0,(anonymous_868)
FNDA:0,(anonymous_869)
FNDA:0,(anonymous_870)
FNDA:0,(anonymous_871)
FNDA:0,Gn
FNDA:0,Ei
FNDA:0,vy
FNDA:0,(anonymous_875)
FNDA:0,os
FNDA:0,Sy
FNDA:0,(anonymous_878)
FNDA:0,xy
FNDA:0,(anonymous_880)
FNDA:0,(anonymous_881)
FNDA:0,(anonymous_882)
FNDA:0,(anonymous_883)
FNDA:0,o
FNDA:0,(anonymous_885)
FNDA:0,(anonymous_886)
FNDA:0,(anonymous_887)
FNDA:0,(anonymous_888)
FNDA:0,(anonymous_889)
FNDA:0,o
FNDA:0,(anonymous_891)
FNDA:0,(anonymous_892)
FNDA:0,(anonymous_893)
FNDA:0,(anonymous_894)
FNDA:0,(anonymous_895)
FNDA:0,(anonymous_896)
FNDA:0,(anonymous_897)
FNDA:0,(anonymous_898)
FNDA:0,(anonymous_899)
FNDA:0,(anonymous_900)
FNDA:0,(anonymous_901)
FNDA:0,(anonymous_902)
FNDA:0,(anonymous_903)
FNDA:0,(anonymous_904)
FNDA:0,o
FNDA:0,(anonymous_906)
FNDA:0,(anonymous_907)
FNDA:0,(anonymous_908)
FNDA:0,ss
FNDA:0,(anonymous_910)
FNDA:0,ep
FNDA:0,bn
FNDA:0,tp
FNDA:0,Ey
FNDA:0,Cy
FNDA:0,(anonymous_916)
FNDA:0,Ny
FNDA:0,(anonymous_918)
FNDA:0,(anonymous_919)
FNDA:0,(anonymous_920)
FNDA:0,(anonymous_921)
FNDA:0,(anonymous_922)
FNDA:0,i
FNDA:0,(anonymous_924)
FNDA:0,(anonymous_925)
FNDA:0,(anonymous_926)
FNDA:0,(anonymous_927)
FNDA:0,(anonymous_928)
FNDA:0,(anonymous_929)
FNDA:0,(anonymous_930)
FNDA:0,(anonymous_931)
FNDA:0,(anonymous_932)
FNDA:0,Py
FNDA:0,Ly
FNDA:0,np
FNDA:0,(anonymous_936)
FNDA:0,Xt
FNDA:0,r
FNDA:0,i
FNDA:0,o
FNDA:0,s
FNDA:0,a
FNDA:0,(anonymous_943)
FNDA:0,(anonymous_944)
FNDA:0,(anonymous_945)
FNDA:0,(anonymous_946)
FNDA:0,(anonymous_947)
FNDA:0,(anonymous_948)
FNDA:0,u
FNDA:0,d
FNDA:0,(anonymous_951)
FNDA:0,(anonymous_952)
FNDA:0,(anonymous_953)
FNDA:0,(anonymous_954)
FNDA:0,(anonymous_955)
FNDA:0,(anonymous_956)
FNDA:0,(anonymous_957)
FNDA:0,(anonymous_958)
FNDA:0,(anonymous_959)
FNDA:0,(anonymous_960)
FNDA:0,(anonymous_961)
FNDA:0,(anonymous_962)
FNDA:0,(anonymous_963)
FNDA:0,(anonymous_964)
FNDA:0,(anonymous_965)
FNDA:0,(anonymous_966)
FNDA:0,(anonymous_967)
FNDA:0,(anonymous_968)
FNDA:0,(anonymous_969)
FNDA:0,(anonymous_970)
FNDA:0,(anonymous_971)
FNDA:0,(anonymous_972)
FNDA:0,(anonymous_973)
FNDA:0,(anonymous_974)
FNDA:0,(anonymous_975)
FNDA:0,(anonymous_976)
FNDA:0,(anonymous_977)
FNDA:0,(anonymous_978)
FNDA:0,(anonymous_979)
FNDA:0,(anonymous_980)
FNDA:0,(anonymous_981)
FNDA:0,(anonymous_982)
FNDA:0,(anonymous_983)
FNDA:0,(anonymous_984)
FNDA:0,(anonymous_985)
FNDA:0,(anonymous_986)
FNDA:0,(anonymous_987)
FNDA:0,(anonymous_988)
FNDA:0,(anonymous_989)
FNDA:0,(anonymous_990)
FNDA:0,(anonymous_991)
FNDA:0,(anonymous_992)
FNDA:0,(anonymous_993)
FNDA:0,(anonymous_994)
FNDA:0,(anonymous_995)
FNDA:0,(anonymous_996)
FNDA:0,ls
FNDA:0,tc
FNDA:0,(anonymous_999)
FNDA:0,(anonymous_1000)
FNDA:0,(anonymous_1001)
FNDA:0,(anonymous_1002)
FNDA:0,(anonymous_1003)
FNDA:0,i
FNDA:0,(anonymous_1005)
FNDA:0,$y
FNDA:0,(anonymous_1007)
FNDA:0,(anonymous_1008)
FNDA:0,(anonymous_1009)
FNDA:0,(anonymous_1010)
FNDA:0,(anonymous_1011)
FNDA:0,(anonymous_1012)
FNDA:0,(anonymous_1013)
FNDA:0,(anonymous_1014)
FNDA:0,(anonymous_1015)
FNDA:0,(anonymous_1016)
FNDA:0,n
FNDA:0,(anonymous_1018)
FNDA:0,(anonymous_1019)
FNDA:0,(anonymous_1020)
FNDA:0,(anonymous_1021)
FNDA:0,(anonymous_1022)
FNDA:0,(anonymous_1023)
FNDA:0,(anonymous_1024)
FNDA:0,(anonymous_1025)
FNDA:0,(anonymous_1026)
FNDA:0,(anonymous_1027)
FNDA:0,(anonymous_1028)
FNDA:0,(anonymous_1029)
FNDA:0,(anonymous_1030)
FNDA:0,by
FNDA:0,(anonymous_1032)
FNDA:0,Vy
FNDA:0,(anonymous_1034)
FNDA:0,lp
FNDA:0,(anonymous_1036)
FNDA:0,(anonymous_1037)
FNDA:0,(anonymous_1038)
FNDA:0,(anonymous_1039)
FNDA:0,(anonymous_1040)
FNDA:0,(anonymous_1041)
FNDA:0,(anonymous_1042)
FNDA:0,(anonymous_1043)
FNDA:0,(anonymous_1044)
FNDA:0,(anonymous_1045)
FNDA:0,(anonymous_1046)
FNDA:0,(anonymous_1047)
FNDA:0,(anonymous_1048)
FNDA:0,(anonymous_1049)
FNDA:0,(anonymous_1050)
FNDA:0,(anonymous_1051)
FNDA:0,(anonymous_1052)
FNDA:0,(anonymous_1053)
FNDA:0,(anonymous_1054)
FNDA:0,(anonymous_1055)
FNDA:0,(anonymous_1056)
FNDA:0,(anonymous_1057)
FNDA:0,(anonymous_1058)
FNDA:0,(anonymous_1059)
FNDA:0,(anonymous_1060)
FNDA:0,(anonymous_1061)
FNDA:0,(anonymous_1062)
FNDA:0,(anonymous_1063)
FNDA:0,(anonymous_1064)
FNDA:0,(anonymous_1065)
FNDA:0,(anonymous_1066)
FNDA:0,(anonymous_1067)
FNDA:0,(anonymous_1068)
FNDA:0,(anonymous_1069)
FNDA:0,(anonymous_1070)
FNDA:0,(anonymous_1071)
FNDA:0,(anonymous_1072)
FNDA:0,(anonymous_1073)
FNDA:0,(anonymous_1074)
FNDA:0,(anonymous_1075)
FNDA:0,(anonymous_1076)
FNDA:0,(anonymous_1077)
FNDA:0,(anonymous_1078)
FNDA:0,(anonymous_1079)
FNDA:0,(anonymous_1080)
FNDA:0,(anonymous_1081)
FNDA:0,(anonymous_1082)
FNDA:0,(anonymous_1083)
FNDA:0,(anonymous_1084)
FNDA:0,(anonymous_1085)
FNDA:0,(anonymous_1086)
FNDA:0,(anonymous_1087)
FNDA:0,(anonymous_1088)
FNDA:0,(anonymous_1089)
FNDA:0,(anonymous_1090)
FNDA:0,(anonymous_1091)
FNDA:0,(anonymous_1092)
FNDA:0,(anonymous_1093)
FNDA:0,(anonymous_1094)
FNDA:0,(anonymous_1095)
FNDA:0,(anonymous_1096)
FNDA:0,(anonymous_1097)
FNDA:0,(anonymous_1098)
FNDA:0,r
FNDA:0,i
FNDA:0,o
FNDA:0,(anonymous_1102)
FNDA:0,(anonymous_1103)
FNDA:0,(anonymous_1104)
FNDA:0,(anonymous_1105)
FNDA:0,(anonymous_1106)
FNDA:0,(anonymous_1107)
FNDA:0,(anonymous_1108)
FNDA:0,(anonymous_1109)
FNDA:0,(anonymous_1110)
FNDA:0,(anonymous_1111)
FNDA:0,(anonymous_1112)
FNDA:0,(anonymous_1113)
FNDA:0,(anonymous_1114)
FNDA:0,(anonymous_1115)
FNDA:0,(anonymous_1116)
FNDA:0,(anonymous_1117)
FNDA:0,(anonymous_1118)
FNDA:0,(anonymous_1119)
FNDA:0,yp
FNDA:0,(anonymous_1121)
FNDA:0,(anonymous_1122)
FNDA:0,vp
FNDA:0,(anonymous_1124)
FNDA:0,(anonymous_1125)
FNDA:0,wp
FNDA:0,(anonymous_1127)
FNDA:0,Gy
FNDA:0,(anonymous_1129)
FNDA:0,(anonymous_1130)
FNDA:0,(anonymous_1131)
FNDA:0,(anonymous_1132)
FNDA:0,(anonymous_1133)
FNDA:0,Xy
FNDA:0,(anonymous_1135)
FNDA:0,Zy
FNDA:0,(anonymous_1137)
FNDA:0,(anonymous_1138)
FNDA:0,(anonymous_1139)
FNDA:0,(anonymous_1140)
FNDA:0,(anonymous_1141)
FNDA:0,(anonymous_1142)
FNDA:0,(anonymous_1143)
FNDA:0,(anonymous_1144)
FNDA:0,tv
FNDA:0,(anonymous_1146)
FNDA:0,(anonymous_1147)
FNDA:0,(anonymous_1148)
FNDA:0,(anonymous_1149)
FNDA:0,(anonymous_1150)
FNDA:0,(anonymous_1151)
FNDA:0,(anonymous_1152)
FNDA:0,(anonymous_1153)
FNDA:0,(anonymous_1154)
FNDA:0,(anonymous_1155)
FNDA:0,(anonymous_1156)
FNDA:0,(anonymous_1157)
FNDA:0,(anonymous_1158)
FNDA:0,(anonymous_1159)
FNDA:0,(anonymous_1160)
FNDA:0,(anonymous_1161)
FNDA:0,(anonymous_1162)
FNDA:0,iv
FNDA:0,(anonymous_1164)
FNDA:0,(anonymous_1165)
FNDA:0,(anonymous_1166)
FNDA:0,(anonymous_1167)
FNDA:0,(anonymous_1168)
FNDA:0,(anonymous_1169)
FNDA:0,(anonymous_1170)
FNDA:0,(anonymous_1171)
FNDA:0,(anonymous_1172)
FNDA:0,(anonymous_1173)
FNDA:0,(anonymous_1174)
FNDA:0,(anonymous_1175)
FNDA:0,(anonymous_1176)
FNDA:0,(anonymous_1177)
FNDA:0,(anonymous_1178)
FNDA:0,(anonymous_1179)
FNDA:0,(anonymous_1180)
FNDA:0,(anonymous_1181)
FNDA:0,(anonymous_1182)
FNDA:0,(anonymous_1183)
FNDA:0,(anonymous_1184)
FNDA:0,(anonymous_1185)
FNDA:0,(anonymous_1186)
FNDA:0,(anonymous_1187)
FNDA:0,(anonymous_1188)
FNDA:0,Xn
FNDA:0,(anonymous_1190)
FNDA:0,ic
FNDA:0,lv
FNDA:0,(anonymous_1193)
FNDA:0,pr
FNDA:0,r
FNDA:0,i
FNDA:0,oc
FNDA:0,uv
FNDA:0,to
FNDA:0,cv
FNDA:0,xp
FNDA:0,ln
FNDA:0,dv
FNDA:0,(anonymous_1204)
FNDA:0,(anonymous_1205)
FNDA:0,(anonymous_1206)
FNDA:0,gv
FNDA:0,(anonymous_1208)
FNDA:0,(anonymous_1209)
FNDA:0,pl
FNDA:0,no
FNDA:0,(anonymous_1212)
FNDA:0,(anonymous_1213)
FNDA:0,(anonymous_1214)
FNDA:0,(anonymous_1215)
FNDA:0,(anonymous_1216)
FNDA:0,(anonymous_1217)
FNDA:0,(anonymous_1218)
FNDA:0,(anonymous_1219)
FNDA:0,(anonymous_1220)
FNDA:0,(anonymous_1221)
FNDA:0,(anonymous_1222)
FNDA:0,(anonymous_1223)
FNDA:0,(anonymous_1224)
FNDA:0,(anonymous_1225)
FNDA:0,(anonymous_1226)
FNDA:0,(anonymous_1227)
FNDA:0,(anonymous_1228)
FNDA:0,(anonymous_1229)
FNDA:0,(anonymous_1230)
FNDA:0,(anonymous_1231)
FNDA:0,(anonymous_1232)
FNDA:0,(anonymous_1233)
FNDA:0,(anonymous_1234)
FNDA:0,(anonymous_1235)
FNDA:0,(anonymous_1236)
FNDA:0,(anonymous_1237)
FNDA:0,(anonymous_1238)
FNDA:0,(anonymous_1239)
FNDA:0,(anonymous_1240)
FNDA:0,(anonymous_1241)
FNDA:0,(anonymous_1242)
FNDA:0,(anonymous_1243)
FNDA:0,(anonymous_1244)
FNDA:0,(anonymous_1245)
FNDA:0,(anonymous_1246)
FNDA:0,as
FNDA:0,(anonymous_1248)
FNDA:0,(anonymous_1249)
FNDA:0,(anonymous_1250)
FNDA:0,(anonymous_1251)
FNDA:0,(anonymous_1252)
FNDA:0,(anonymous_1253)
FNDA:0,(anonymous_1254)
FNDA:0,(anonymous_1255)
FNDA:0,(anonymous_1256)
FNDA:0,(anonymous_1257)
FNDA:0,(anonymous_1258)
FNDA:0,(anonymous_1259)
FNDA:0,(anonymous_1260)
FNDA:0,(anonymous_1261)
FNDA:0,(anonymous_1262)
FNDA:0,(anonymous_1263)
FNDA:0,(anonymous_1264)
FNDA:0,(anonymous_1265)
FNDA:0,(anonymous_1266)
FNDA:0,(anonymous_1267)
FNDA:0,(anonymous_1268)
FNDA:0,(anonymous_1269)
FNDA:0,(anonymous_1270)
FNDA:0,(anonymous_1271)
FNDA:0,(anonymous_1272)
FNDA:0,(anonymous_1273)
FNDA:0,(anonymous_1274)
FNDA:0,(anonymous_1275)
FNDA:0,(anonymous_1276)
FNDA:0,(anonymous_1277)
FNDA:0,(anonymous_1278)
FNDA:0,(anonymous_1279)
FNDA:0,(anonymous_1280)
FNDA:0,(anonymous_1281)
FNDA:0,(anonymous_1282)
FNDA:0,(anonymous_1283)
FNDA:0,xv
FNDA:0,(anonymous_1285)
FNDA:0,(anonymous_1286)
FNDA:0,(anonymous_1287)
FNDA:0,(anonymous_1288)
FNDA:0,(anonymous_1289)
FNDA:0,(anonymous_1290)
FNDA:0,(anonymous_1291)
FNDA:0,(anonymous_1292)
FNDA:0,(anonymous_1293)
FNDA:0,(anonymous_1294)
FNDA:0,(anonymous_1295)
FNDA:0,(anonymous_1296)
FNDA:0,(anonymous_1297)
FNDA:0,(anonymous_1298)
FNDA:0,(anonymous_1299)
FNDA:0,(anonymous_1300)
FNDA:0,cc
FNDA:0,(anonymous_1302)
FNDA:0,(anonymous_1303)
FNDA:0,(anonymous_1304)
FNDA:0,(anonymous_1305)
FNDA:0,(anonymous_1306)
FNDA:0,(anonymous_1307)
FNDA:0,(anonymous_1308)
FNDA:0,u
FNDA:0,(anonymous_1310)
FNDA:0,(anonymous_1311)
FNDA:0,(anonymous_1312)
FNDA:0,(anonymous_1313)
FNDA:0,(anonymous_1314)
FNDA:0,a
FNDA:0,(anonymous_1316)
FNDA:0,(anonymous_1317)
FNDA:0,Nv
FNDA:0,(anonymous_1319)
FNDA:0,an
FNDA:0,(anonymous_1321)
FNDA:0,(anonymous_1322)
FNDA:0,(anonymous_1323)
FNDA:0,(anonymous_1324)
FNDA:0,(anonymous_1325)
FNDA:0,(anonymous_1326)
FNDA:0,(anonymous_1327)
FNDA:0,(anonymous_1328)
FNDA:0,(anonymous_1329)
FNDA:0,(anonymous_1330)
FNDA:0,(anonymous_1331)
FNDA:0,(anonymous_1332)
FNDA:0,(anonymous_1333)
FNDA:0,(anonymous_1334)
FNDA:0,(anonymous_1335)
FNDA:0,(anonymous_1336)
FNDA:0,(anonymous_1337)
FNDA:0,Rv
FNDA:0,(anonymous_1339)
FNDA:0,(anonymous_1340)
FNDA:0,(anonymous_1341)
FNDA:0,(anonymous_1342)
FNDA:0,(anonymous_1343)
FNDA:0,(anonymous_1344)
FNDA:0,(anonymous_1345)
FNDA:0,(anonymous_1346)
FNDA:0,(anonymous_1347)
FNDA:0,(anonymous_1348)
FNDA:0,(anonymous_1349)
FNDA:0,(anonymous_1350)
FNDA:0,(anonymous_1351)
FNDA:0,(anonymous_1352)
FNDA:0,(anonymous_1353)
FNDA:0,(anonymous_1354)
FNDA:0,(anonymous_1355)
FNDA:0,(anonymous_1356)
FNDA:0,(anonymous_1357)
FNDA:0,(anonymous_1358)
FNDA:0,(anonymous_1359)
FNDA:0,(anonymous_1360)
FNDA:0,fc
FNDA:0,(anonymous_1362)
FNDA:0,(anonymous_1363)
FNDA:0,(anonymous_1364)
FNDA:0,dc
FNDA:0,ai
FNDA:0,Lv
FNDA:0,(anonymous_1368)
FNDA:0,(anonymous_1369)
FNDA:0,(anonymous_1370)
FNDA:0,(anonymous_1371)
FNDA:0,o
FNDA:0,(anonymous_1373)
FNDA:0,(anonymous_1374)
FNDA:0,(anonymous_1375)
FNDA:0,(anonymous_1376)
FNDA:0,(anonymous_1377)
FNDA:0,(anonymous_1378)
FNDA:0,(anonymous_1379)
FNDA:0,(anonymous_1380)
FNDA:0,(anonymous_1381)
FNDA:0,(anonymous_1382)
FNDA:0,(anonymous_1383)
FNDA:0,(anonymous_1384)
FNDA:0,(anonymous_1385)
FNDA:0,(anonymous_1386)
FNDA:0,(anonymous_1387)
FNDA:0,(anonymous_1388)
FNDA:0,(anonymous_1389)
FNDA:0,(anonymous_1390)
FNDA:0,(anonymous_1391)
FNDA:0,(anonymous_1392)
FNDA:0,(anonymous_1393)
FNDA:0,(anonymous_1394)
FNDA:0,(anonymous_1395)
FNDA:0,(anonymous_1396)
FNDA:0,(anonymous_1397)
FNDA:0,(anonymous_1398)
FNDA:0,(anonymous_1399)
FNDA:0,(anonymous_1400)
FNDA:0,(anonymous_1401)
FNDA:0,(anonymous_1402)
FNDA:0,(anonymous_1403)
FNDA:0,(anonymous_1404)
FNDA:0,(anonymous_1405)
FNDA:0,(anonymous_1406)
FNDA:0,(anonymous_1407)
FNDA:0,(anonymous_1408)
FNDA:0,(anonymous_1409)
FNDA:0,(anonymous_1410)
FNDA:0,(anonymous_1411)
FNDA:0,(anonymous_1412)
FNDA:0,(anonymous_1413)
FNDA:0,(anonymous_1414)
FNDA:0,(anonymous_1415)
FNDA:0,(anonymous_1416)
FNDA:0,(anonymous_1417)
FNDA:0,(anonymous_1418)
DA:1,0
DA:9,0
DA:17,0
DA:25,0
DA:33,0
DA:34,0
DA:35,0
DA:36,0
DA:37,0
DA:38,0
DA:40,0
DA:49,0
DA:58,0
DA:67,0
DA:68,0
DA:69,0
DA:71,0
DA:72,0
DA:76,0
DA:80,0
LF:20
LH:0
BRDA:1,0,0,0
BRDA:1,0,1,0
BRDA:1,1,0,0
BRDA:1,1,1,0
BRDA:1,2,0,0
BRDA:1,2,1,0
BRDA:1,3,0,0
BRDA:1,3,1,0
BRDA:1,4,0,0
BRDA:1,4,1,0
BRDA:1,5,0,0
BRDA:1,5,1,0
BRDA:1,6,0,0
BRDA:1,6,1,0
BRDA:1,7,0,0
BRDA:1,7,1,0
BRDA:1,7,2,0
BRDA:1,8,0,0
BRDA:1,8,1,0
BRDA:1,9,0,0
BRDA:1,9,1,0
BRDA:1,9,2,0
BRDA:1,10,0,0
BRDA:1,10,1,0
BRDA:1,11,0,0
BRDA:1,11,1,0
BRDA:1,12,0,0
BRDA:1,12,1,0
BRDA:1,13,0,0
BRDA:1,13,1,0
BRDA:1,14,0,0
BRDA:1,14,1,0
BRDA:1,15,0,0
BRDA:1,15,1,0
BRDA:1,16,0,0
BRDA:1,16,1,0
BRDA:1,16,2,0
BRDA:9,17,0,0
BRDA:9,17,1,0
BRDA:9,18,0,0
BRDA:9,18,1,0
BRDA:9,19,0,0
BRDA:9,19,1,0
BRDA:9,19,2,0
BRDA:9,20,0,0
BRDA:9,20,1,0
BRDA:9,21,0,0
BRDA:9,21,1,0
BRDA:9,22,0,0
BRDA:9,22,1,0
BRDA:9,23,0,0
BRDA:9,23,1,0
BRDA:9,23,2,0
BRDA:9,24,0,0
BRDA:9,24,1,0
BRDA:9,25,0,0
BRDA:9,25,1,0
BRDA:9,26,0,0
BRDA:9,26,1,0
BRDA:9,27,0,0
BRDA:9,27,1,0
BRDA:9,28,0,0
BRDA:9,28,1,0
BRDA:9,28,2,0
BRDA:9,29,0,0
BRDA:9,29,1,0
BRDA:9,30,0,0
BRDA:9,30,1,0
BRDA:9,31,0,0
BRDA:9,31,1,0
BRDA:9,32,0,0
BRDA:9,32,1,0
BRDA:9,33,0,0
BRDA:9,33,1,0
BRDA:9,34,0,0
BRDA:9,34,1,0
BRDA:9,34,2,0
BRDA:9,35,0,0
BRDA:9,35,1,0
BRDA:9,36,0,0
BRDA:9,36,1,0
BRDA:9,36,2,0
BRDA:9,37,0,0
BRDA:9,37,1,0
BRDA:9,37,2,0
BRDA:9,38,0,0
BRDA:9,38,1,0
BRDA:9,39,0,0
BRDA:9,39,1,0
BRDA:9,39,2,0
BRDA:9,40,0,0
BRDA:9,40,1,0
BRDA:9,41,0,0
BRDA:9,41,1,0
BRDA:9,42,0,0
BRDA:9,42,1,0
BRDA:9,43,0,0
BRDA:9,43,1,0
BRDA:9,44,0,0
BRDA:9,44,1,0
BRDA:9,45,0,0
BRDA:9,45,1,0
BRDA:9,46,0,0
BRDA:9,46,1,0
BRDA:9,47,0,0
BRDA:9,47,1,0
BRDA:9,48,0,0
BRDA:9,48,1,0
BRDA:9,48,2,0
BRDA:9,49,0,0
BRDA:9,49,1,0
BRDA:9,50,0,0
BRDA:9,50,1,0
BRDA:9,51,0,0
BRDA:9,51,1,0
BRDA:9,52,0,0
BRDA:9,52,1,0
BRDA:9,53,0,0
BRDA:9,53,1,0
BRDA:9,54,0,0
BRDA:9,54,1,0
BRDA:9,55,0,0
BRDA:9,55,1,0
BRDA:9,56,0,0
BRDA:9,56,1,0
BRDA:9,56,2,0
BRDA:9,57,0,0
BRDA:9,57,1,0
BRDA:9,57,2,0
BRDA:9,58,0,0
BRDA:9,58,1,0
BRDA:9,59,0,0
BRDA:9,59,1,0
BRDA:9,60,0,0
BRDA:9,60,1,0
BRDA:9,61,0,0
BRDA:9,61,1,0
BRDA:9,62,0,0
BRDA:9,62,1,0
BRDA:9,63,0,0
BRDA:9,63,1,0
BRDA:9,64,0,0
BRDA:9,64,1,0
BRDA:9,65,0,0
BRDA:9,65,1,0
BRDA:9,66,0,0
BRDA:9,66,1,0
BRDA:9,67,0,0
BRDA:9,67,1,0
BRDA:9,68,0,0
BRDA:9,68,1,0
BRDA:9,68,2,0
BRDA:9,69,0,0
BRDA:9,69,1,0
BRDA:9,70,0,0
BRDA:9,70,1,0
BRDA:9,71,0,0
BRDA:9,71,1,0
BRDA:9,72,0,0
BRDA:9,72,1,0
BRDA:9,73,0,0
BRDA:9,73,1,0
BRDA:17,74,0,0
BRDA:17,74,1,0
BRDA:17,75,0,0
BRDA:17,75,1,0
BRDA:17,76,0,0
BRDA:17,76,1,0
BRDA:17,77,0,0
BRDA:17,77,1,0
BRDA:17,77,2,0
BRDA:17,78,0,0
BRDA:17,78,1,0
BRDA:17,79,0,0
BRDA:17,79,1,0
BRDA:17,80,0,0
BRDA:17,80,1,0
BRDA:25,81,0,0
BRDA:25,81,1,0
BRDA:25,82,0,0
BRDA:25,82,1,0
BRDA:25,83,0,0
BRDA:25,83,1,0
BRDA:25,84,0,0
BRDA:25,84,1,0
BRDA:25,85,0,0
BRDA:25,85,1,0
BRDA:25,86,0,0
BRDA:25,86,1,0
BRDA:25,87,0,0
BRDA:25,87,1,0
BRDA:25,88,0,0
BRDA:25,88,1,0
BRDA:25,89,0,0
BRDA:25,89,1,0
BRDA:25,90,0,0
BRDA:25,90,1,0
BRDA:25,91,0,0
BRDA:25,91,1,0
BRDA:25,92,0,0
BRDA:25,92,1,0
BRDA:25,93,0,0
BRDA:25,93,1,0
BRDA:25,94,0,0
BRDA:25,94,1,0
BRDA:25,95,0,0
BRDA:25,95,1,0
BRDA:25,96,0,0
BRDA:25,96,1,0
BRDA:25,96,2,0
BRDA:25,96,3,0
BRDA:25,97,0,0
BRDA:25,97,1,0
BRDA:25,98,0,0
BRDA:25,98,1,0
BRDA:25,99,0,0
BRDA:25,99,1,0
BRDA:25,100,0,0
BRDA:25,100,1,0
BRDA:25,101,0,0
BRDA:25,101,1,0
BRDA:25,102,0,0
BRDA:25,102,1,0
BRDA:25,103,0,0
BRDA:25,103,1,0
BRDA:25,103,2,0
BRDA:25,103,3,0
BRDA:25,104,0,0
BRDA:25,104,1,0
BRDA:25,105,0,0
BRDA:25,105,1,0
BRDA:25,106,0,0
BRDA:25,106,1,0
BRDA:25,107,0,0
BRDA:25,107,1,0
BRDA:25,108,0,0
BRDA:25,108,1,0
BRDA:25,109,0,0
BRDA:25,109,1,0
BRDA:25,110,0,0
BRDA:25,110,1,0
BRDA:25,111,0,0
BRDA:25,111,1,0
BRDA:25,112,0,0
BRDA:25,112,1,0
BRDA:25,113,0,0
BRDA:25,113,1,0
BRDA:25,114,0,0
BRDA:25,114,1,0
BRDA:25,114,2,0
BRDA:25,115,0,0
BRDA:25,115,1,0
BRDA:25,116,0,0
BRDA:25,116,1,0
BRDA:25,117,0,0
BRDA:25,117,1,0
BRDA:25,118,0,0
BRDA:25,118,1,0
BRDA:25,118,2,0
BRDA:25,118,3,0
BRDA:25,119,0,0
BRDA:25,119,1,0
BRDA:25,119,2,0
BRDA:25,119,3,0
BRDA:25,119,4,0
BRDA:25,119,5,0
BRDA:25,120,0,0
BRDA:25,120,1,0
BRDA:25,120,2,0
BRDA:25,120,3,0
BRDA:25,120,4,0
BRDA:25,121,0,0
BRDA:25,121,1,0
BRDA:25,122,0,0
BRDA:25,122,1,0
BRDA:25,123,0,0
BRDA:25,123,1,0
BRDA:25,124,0,0
BRDA:25,124,1,0
BRDA:25,125,0,0
BRDA:25,125,1,0
BRDA:25,126,0,0
BRDA:25,126,1,0
BRDA:25,126,2,0
BRDA:25,127,0,0
BRDA:25,127,1,0
BRDA:25,128,0,0
BRDA:25,128,1,0
BRDA:25,128,2,0
BRDA:33,129,0,0
BRDA:33,129,1,0
BRDA:33,129,2,0
BRDA:33,130,0,0
BRDA:33,130,1,0
BRDA:33,131,0,0
BRDA:33,131,1,0
BRDA:33,132,0,0
BRDA:33,132,1,0
BRDA:33,133,0,0
BRDA:33,133,1,0
BRDA:33,134,0,0
BRDA:33,134,1,0
BRDA:33,135,0,0
BRDA:33,135,1,0
BRDA:33,135,2,0
BRDA:33,135,3,0
BRDA:33,136,0,0
BRDA:33,136,1,0
BRDA:33,137,0,0
BRDA:33,137,1,0
BRDA:33,138,0,0
BRDA:33,138,1,0
BRDA:33,139,0,0
BRDA:33,139,1,0
BRDA:33,140,0,0
BRDA:33,140,1,0
BRDA:33,140,2,0
BRDA:33,141,0,0
BRDA:33,141,1,0
BRDA:33,142,0,0
BRDA:33,142,1,0
BRDA:33,143,0,0
BRDA:33,143,1,0
BRDA:33,143,2,0
BRDA:33,143,3,0
BRDA:33,144,0,0
BRDA:33,144,1,0
BRDA:33,145,0,0
BRDA:33,145,1,0
BRDA:33,145,2,0
BRDA:33,146,0,0
BRDA:33,146,1,0
BRDA:33,147,0,0
BRDA:33,147,1,0
BRDA:33,148,0,0
BRDA:33,148,1,0
BRDA:33,149,0,0
BRDA:33,149,1,0
BRDA:33,149,2,0
BRDA:33,149,3,0
BRDA:33,149,4,0
BRDA:33,149,5,0
BRDA:33,150,0,0
BRDA:33,150,1,0
BRDA:33,151,0,0
BRDA:33,151,1,0
BRDA:33,152,0,0
BRDA:33,152,1,0
BRDA:33,153,0,0
BRDA:33,153,1,0
BRDA:33,154,0,0
BRDA:33,154,1,0
BRDA:33,155,0,0
BRDA:33,155,1,0
BRDA:33,156,0,0
BRDA:33,156,1,0
BRDA:33,157,0,0
BRDA:33,157,1,0
BRDA:33,158,0,0
BRDA:33,158,1,0
BRDA:33,159,0,0
BRDA:33,159,1,0
BRDA:33,160,0,0
BRDA:33,160,1,0
BRDA:33,160,2,0
BRDA:33,161,0,0
BRDA:33,161,1,0
BRDA:33,162,0,0
BRDA:33,162,1,0
BRDA:33,163,0,0
BRDA:33,163,1,0
BRDA:33,164,0,0
BRDA:33,164,1,0
BRDA:33,164,2,0
BRDA:33,165,0,0
BRDA:33,165,1,0
BRDA:33,166,0,0
BRDA:33,166,1,0
BRDA:33,167,0,0
BRDA:33,167,1,0
BRDA:33,167,2,0
BRDA:34,168,0,0
BRDA:34,168,1,0
BRDA:34,169,0,0
BRDA:34,169,1,0
BRDA:34,170,0,0
BRDA:34,170,1,0
BRDA:34,171,0,0
BRDA:34,171,1,0
BRDA:34,172,0,0
BRDA:34,172,1,0
BRDA:34,173,0,0
BRDA:34,173,1,0
BRDA:34,174,0,0
BRDA:34,174,1,0
BRDA:34,174,2,0
BRDA:36,175,0,0
BRDA:36,175,1,0
BRDA:36,175,2,0
BRDA:36,176,0,0
BRDA:36,176,1,0
BRDA:36,177,0,0
BRDA:36,177,1,0
BRDA:36,178,0,0
BRDA:36,178,1,0
BRDA:36,179,0,0
BRDA:36,179,1,0
BRDA:37,180,0,0
BRDA:37,180,1,0
BRDA:36,181,0,0
BRDA:36,181,1,0
BRDA:36,182,0,0
BRDA:36,182,1,0
BRDA:37,183,0,0
BRDA:37,183,1,0
BRDA:37,183,2,0
BRDA:37,184,0,0
BRDA:37,184,1,0
BRDA:37,185,0,0
BRDA:37,185,1,0
BRDA:37,186,0,0
BRDA:37,186,1,0
BRDA:37,187,0,0
BRDA:37,187,1,0
BRDA:37,187,2,0
BRDA:37,187,3,0
BRDA:37,187,4,0
BRDA:37,187,5,0
BRDA:37,187,6,0
BRDA:37,187,7,0
BRDA:37,187,8,0
BRDA:37,187,9,0
BRDA:37,188,0,0
BRDA:37,188,1,0
BRDA:37,189,0,0
BRDA:37,189,1,0
BRDA:37,190,0,0
BRDA:37,190,1,0
BRDA:37,190,2,0
BRDA:37,191,0,0
BRDA:37,191,1,0
BRDA:37,192,0,0
BRDA:37,192,1,0
BRDA:37,192,2,0
BRDA:37,192,3,0
BRDA:37,192,4,0
BRDA:37,192,5,0
BRDA:37,193,0,0
BRDA:37,193,1,0
BRDA:37,194,0,0
BRDA:37,194,1,0
BRDA:37,194,2,0
BRDA:37,194,3,0
BRDA:37,194,4,0
BRDA:37,195,0,0
BRDA:37,195,1,0
BRDA:37,196,0,0
BRDA:37,196,1,0
BRDA:37,197,0,0
BRDA:37,197,1,0
BRDA:37,198,0,0
BRDA:37,198,1,0
BRDA:37,198,2,0
BRDA:37,199,0,0
BRDA:37,199,1,0
BRDA:37,200,0,0
BRDA:37,200,1,0
BRDA:37,201,0,0
BRDA:37,201,1,0
BRDA:37,202,0,0
BRDA:37,202,1,0
BRDA:37,203,0,0
BRDA:37,203,1,0
BRDA:37,203,2,0
BRDA:37,203,3,0
BRDA:37,203,4,0
BRDA:37,203,5,0
BRDA:37,203,6,0
BRDA:37,203,7,0
BRDA:37,203,8,0
BRDA:37,203,9,0
BRDA:37,203,10,0
BRDA:37,203,11,0
BRDA:37,203,12,0
BRDA:37,203,13,0
BRDA:37,203,14,0
BRDA:37,203,15,0
BRDA:37,203,16,0
BRDA:37,203,17,0
BRDA:37,203,18,0
BRDA:37,203,19,0
BRDA:37,203,20,0
BRDA:37,203,21,0
BRDA:37,203,22,0
BRDA:37,203,23,0
BRDA:37,204,0,0
BRDA:37,204,1,0
BRDA:37,205,0,0
BRDA:37,205,1,0
BRDA:37,206,0,0
BRDA:37,206,1,0
BRDA:37,206,2,0
BRDA:37,207,0,0
BRDA:37,207,1,0
BRDA:37,208,0,0
BRDA:37,208,1,0
BRDA:37,209,0,0
BRDA:37,209,1,0
BRDA:37,210,0,0
BRDA:37,210,1,0
BRDA:37,211,0,0
BRDA:37,211,1,0
BRDA:37,211,2,0
BRDA:37,212,0,0
BRDA:37,212,1,0
BRDA:37,213,0,0
BRDA:37,213,1,0
BRDA:37,213,2,0
BRDA:37,213,3,0
BRDA:37,213,4,0
BRDA:37,213,5,0
BRDA:37,214,0,0
BRDA:37,214,1,0
BRDA:37,214,2,0
BRDA:37,214,3,0
BRDA:37,215,0,0
BRDA:37,215,1,0
BRDA:37,216,0,0
BRDA:37,216,1,0
BRDA:37,217,0,0
BRDA:37,217,1,0
BRDA:37,217,2,0
BRDA:37,217,3,0
BRDA:37,218,0,0
BRDA:37,218,1,0
BRDA:37,219,0,0
BRDA:37,219,1,0
BRDA:37,220,0,0
BRDA:37,220,1,0
BRDA:37,221,0,0
BRDA:37,221,1,0
BRDA:37,222,0,0
BRDA:37,222,1,0
BRDA:37,223,0,0
BRDA:37,223,1,0
BRDA:37,224,0,0
BRDA:37,224,1,0
BRDA:37,225,0,0
BRDA:37,225,1,0
BRDA:37,226,0,0
BRDA:37,226,1,0
BRDA:37,227,0,0
BRDA:37,227,1,0
BRDA:37,228,0,0
BRDA:37,228,1,0
BRDA:37,229,0,0
BRDA:37,229,1,0
BRDA:37,230,0,0
BRDA:37,230,1,0
BRDA:37,231,0,0
BRDA:37,231,1,0
BRDA:37,232,0,0
BRDA:37,232,1,0
BRDA:37,233,0,0
BRDA:37,233,1,0
BRDA:37,234,0,0
BRDA:37,234,1,0
BRDA:37,235,0,0
BRDA:37,235,1,0
BRDA:37,236,0,0
BRDA:37,236,1,0
BRDA:37,237,0,0
BRDA:37,237,1,0
BRDA:37,238,0,0
BRDA:37,238,1,0
BRDA:37,238,2,0
BRDA:37,238,3,0
BRDA:37,239,0,0
BRDA:37,239,1,0
BRDA:37,240,0,0
BRDA:37,240,1,0
BRDA:37,241,0,0
BRDA:37,241,1,0
BRDA:37,242,0,0
BRDA:37,242,1,0
BRDA:37,243,0,0
BRDA:37,243,1,0
BRDA:37,244,0,0
BRDA:37,244,1,0
BRDA:37,244,2,0
BRDA:37,245,0,0
BRDA:37,245,1,0
BRDA:37,246,0,0
BRDA:37,246,1,0
BRDA:37,247,0,0
BRDA:37,247,1,0
BRDA:37,248,0,0
BRDA:37,248,1,0
BRDA:37,248,2,0
BRDA:37,248,3,0
BRDA:37,249,0,0
BRDA:37,249,1,0
BRDA:37,249,2,0
BRDA:37,250,0,0
BRDA:37,250,1,0
BRDA:37,251,0,0
BRDA:37,251,1,0
BRDA:37,252,0,0
BRDA:37,252,1,0
BRDA:37,252,2,0
BRDA:37,253,0,0
BRDA:37,253,1,0
BRDA:37,254,0,0
BRDA:37,254,1,0
BRDA:37,255,0,0
BRDA:37,255,1,0
BRDA:37,256,0,0
BRDA:37,256,1,0
BRDA:37,257,0,0
BRDA:37,257,1,0
BRDA:37,257,2,0
BRDA:37,258,0,0
BRDA:37,258,1,0
BRDA:37,259,0,0
BRDA:37,259,1,0
BRDA:37,260,0,0
BRDA:37,260,1,0
BRDA:37,260,2,0
BRDA:37,261,0,0
BRDA:37,261,1,0
BRDA:37,262,0,0
BRDA:37,262,1,0
BRDA:37,263,0,0
BRDA:37,263,1,0
BRDA:37,264,0,0
BRDA:37,264,1,0
BRDA:37,265,0,0
BRDA:37,265,1,0
BRDA:37,266,0,0
BRDA:37,266,1,0
BRDA:37,267,0,0
BRDA:37,267,1,0
BRDA:37,268,0,0
BRDA:37,268,1,0
BRDA:37,269,0,0
BRDA:37,269,1,0
BRDA:37,270,0,0
BRDA:37,270,1,0
BRDA:37,271,0,0
BRDA:37,271,1,0
BRDA:37,271,2,0
BRDA:37,272,0,0
BRDA:37,272,1,0
BRDA:37,273,0,0
BRDA:37,273,1,0
BRDA:37,273,2,0
BRDA:37,273,3,0
BRDA:37,274,0,0
BRDA:37,274,1,0
BRDA:37,274,2,0
BRDA:37,275,0,0
BRDA:37,275,1,0
BRDA:37,276,0,0
BRDA:37,276,1,0
BRDA:37,277,0,0
BRDA:37,277,1,0
BRDA:37,278,0,0
BRDA:37,278,1,0
BRDA:37,279,0,0
BRDA:37,279,1,0
BRDA:37,280,0,0
BRDA:37,280,1,0
BRDA:37,281,0,0
BRDA:37,281,1,0
BRDA:37,282,0,0
BRDA:37,282,1,0
BRDA:37,283,0,0
BRDA:37,283,1,0
BRDA:37,284,0,0
BRDA:37,284,1,0
BRDA:37,285,0,0
BRDA:37,285,1,0
BRDA:37,286,0,0
BRDA:37,286,1,0
BRDA:37,286,2,0
BRDA:37,287,0,0
BRDA:37,287,1,0
BRDA:37,288,0,0
BRDA:37,288,1,0
BRDA:37,288,2,0
BRDA:37,289,0,0
BRDA:37,289,1,0
BRDA:37,290,0,0
BRDA:37,290,1,0
BRDA:37,290,2,0
BRDA:37,290,3,0
BRDA:37,290,4,0
BRDA:37,291,0,0
BRDA:37,291,1,0
BRDA:37,292,0,0
BRDA:37,292,1,0
BRDA:37,293,0,0
BRDA:37,293,1,0
BRDA:37,294,0,0
BRDA:37,294,1,0
BRDA:37,295,0,0
BRDA:37,295,1,0
BRDA:37,296,0,0
BRDA:37,296,1,0
BRDA:37,296,2,0
BRDA:37,297,0,0
BRDA:37,297,1,0
BRDA:37,298,0,0
BRDA:37,298,1,0
BRDA:37,299,0,0
BRDA:37,299,1,0
BRDA:37,300,0,0
BRDA:37,300,1,0
BRDA:37,301,0,0
BRDA:37,301,1,0
BRDA:37,302,0,0
BRDA:37,302,1,0
BRDA:37,303,0,0
BRDA:37,303,1,0
BRDA:37,304,0,0
BRDA:37,304,1,0
BRDA:37,304,2,0
BRDA:37,304,3,0
BRDA:37,304,4,0
BRDA:37,304,5,0
BRDA:37,304,6,0
BRDA:37,304,7,0
BRDA:37,304,8,0
BRDA:37,305,0,0
BRDA:37,305,1,0
BRDA:37,305,2,0
BRDA:37,306,0,0
BRDA:37,306,1,0
BRDA:37,307,0,0
BRDA:37,307,1,0
BRDA:37,308,0,0
BRDA:37,308,1,0
BRDA:37,309,0,0
BRDA:37,309,1,0
BRDA:37,310,0,0
BRDA:37,310,1,0
BRDA:37,311,0,0
BRDA:37,311,1,0
BRDA:37,312,0,0
BRDA:37,312,1,0
BRDA:37,313,0,0
BRDA:37,313,1,0
BRDA:37,314,0,0
BRDA:37,314,1,0
BRDA:37,315,0,0
BRDA:37,315,1,0
BRDA:37,316,0,0
BRDA:37,316,1,0
BRDA:37,316,2,0
BRDA:37,317,0,0
BRDA:37,317,1,0
BRDA:37,318,0,0
BRDA:37,318,1,0
BRDA:37,319,0,0
BRDA:37,319,1,0
BRDA:37,319,2,0
BRDA:37,319,3,0
BRDA:37,319,4,0
BRDA:37,319,5,0
BRDA:37,319,6,0
BRDA:37,319,7,0
BRDA:37,319,8,0
BRDA:37,319,9,0
BRDA:37,319,10,0
BRDA:37,319,11,0
BRDA:37,320,0,0
BRDA:37,320,1,0
BRDA:37,321,0,0
BRDA:37,321,1,0
BRDA:37,321,2,0
BRDA:37,321,3,0
BRDA:37,322,0,0
BRDA:37,322,1,0
BRDA:37,323,0,0
BRDA:37,323,1,0
BRDA:37,324,0,0
BRDA:37,324,1,0
BRDA:37,325,0,0
BRDA:37,325,1,0
BRDA:37,326,0,0
BRDA:37,326,1,0
BRDA:37,327,0,0
BRDA:37,327,1,0
BRDA:37,328,0,0
BRDA:37,328,1,0
BRDA:37,329,0,0
BRDA:37,329,1,0
BRDA:37,330,0,0
BRDA:37,330,1,0
BRDA:37,331,0,0
BRDA:37,331,1,0
BRDA:37,332,0,0
BRDA:37,332,1,0
BRDA:37,333,0,0
BRDA:37,333,1,0
BRDA:37,334,0,0
BRDA:37,334,1,0
BRDA:37,335,0,0
BRDA:37,335,1,0
BRDA:37,336,0,0
BRDA:37,336,1,0
BRDA:37,337,0,0
BRDA:37,337,1,0
BRDA:37,338,0,0
BRDA:37,338,1,0
BRDA:37,339,0,0
BRDA:37,339,1,0
BRDA:37,340,0,0
BRDA:37,340,1,0
BRDA:37,341,0,0
BRDA:37,341,1,0
BRDA:37,342,0,0
BRDA:37,342,1,0
BRDA:37,343,0,0
BRDA:37,343,1,0
BRDA:37,344,0,0
BRDA:37,344,1,0
BRDA:37,345,0,0
BRDA:37,345,1,0
BRDA:37,346,0,0
BRDA:37,346,1,0
BRDA:37,347,0,0
BRDA:37,347,1,0
BRDA:37,348,0,0
BRDA:37,348,1,0
BRDA:37,349,0,0
BRDA:37,349,1,0
BRDA:37,350,0,0
BRDA:37,350,1,0
BRDA:37,351,0,0
BRDA:37,351,1,0
BRDA:37,352,0,0
BRDA:37,352,1,0
BRDA:37,353,0,0
BRDA:37,353,1,0
BRDA:37,354,0,0
BRDA:37,354,1,0
BRDA:37,355,0,0
BRDA:37,355,1,0
BRDA:37,356,0,0
BRDA:37,356,1,0
BRDA:37,357,0,0
BRDA:37,357,1,0
BRDA:37,358,0,0
BRDA:37,358,1,0
BRDA:37,359,0,0
BRDA:37,359,1,0
BRDA:37,360,0,0
BRDA:37,360,1,0
BRDA:37,361,0,0
BRDA:37,361,1,0
BRDA:37,362,0,0
BRDA:37,362,1,0
BRDA:37,363,0,0
BRDA:37,363,1,0
BRDA:37,364,0,0
BRDA:37,364,1,0
BRDA:37,364,2,0
BRDA:37,364,3,0
BRDA:37,364,4,0
BRDA:37,364,5,0
BRDA:37,364,6,0
BRDA:37,364,7,0
BRDA:37,364,8,0
BRDA:37,364,9,0
BRDA:37,364,10,0
BRDA:37,364,11,0
BRDA:37,364,12,0
BRDA:37,364,13,0
BRDA:37,364,14,0
BRDA:37,364,15,0
BRDA:37,364,16,0
BRDA:37,364,17,0
BRDA:37,364,18,0
BRDA:37,364,19,0
BRDA:37,364,20,0
BRDA:37,364,21,0
BRDA:37,364,22,0
BRDA:37,364,23,0
BRDA:37,364,24,0
BRDA:37,364,25,0
BRDA:37,364,26,0
BRDA:37,364,27,0
BRDA:37,364,28,0
BRDA:37,364,29,0
BRDA:37,364,30,0
BRDA:37,364,31,0
BRDA:37,365,0,0
BRDA:37,365,1,0
BRDA:37,366,0,0
BRDA:37,366,1,0
BRDA:37,367,0,0
BRDA:37,367,1,0
BRDA:37,368,0,0
BRDA:37,368,1,0
BRDA:37,369,0,0
BRDA:37,369,1,0
BRDA:37,370,0,0
BRDA:37,370,1,0
BRDA:37,371,0,0
BRDA:37,371,1,0
BRDA:37,372,0,0
BRDA:37,372,1,0
BRDA:37,373,0,0
BRDA:37,373,1,0
BRDA:37,373,2,0
BRDA:37,373,3,0
BRDA:37,374,0,0
BRDA:37,374,1,0
BRDA:37,374,2,0
BRDA:37,375,0,0
BRDA:37,375,1,0
BRDA:37,376,0,0
BRDA:37,376,1,0
BRDA:37,377,0,0
BRDA:37,377,1,0
BRDA:37,377,2,0
BRDA:37,377,3,0
BRDA:37,377,4,0
BRDA:37,377,5,0
BRDA:37,377,6,0
BRDA:37,377,7,0
BRDA:37,377,8,0
BRDA:37,377,9,0
BRDA:37,377,10,0
BRDA:37,377,11,0
BRDA:37,377,12,0
BRDA:37,377,13,0
BRDA:37,377,14,0
BRDA:37,377,15,0
BRDA:37,377,16,0
BRDA:37,377,17,0
BRDA:37,377,18,0
BRDA:37,377,19,0
BRDA:37,377,20,0
BRDA:37,377,21,0
BRDA:37,377,22,0
BRDA:37,377,23,0
BRDA:37,377,24,0
BRDA:37,377,25,0
BRDA:37,377,26,0
BRDA:37,377,27,0
BRDA:37,377,28,0
BRDA:37,377,29,0
BRDA:37,377,30,0
BRDA:37,377,31,0
BRDA:37,378,0,0
BRDA:37,378,1,0
BRDA:37,379,0,0
BRDA:37,379,1,0
BRDA:37,379,2,0
BRDA:37,380,0,0
BRDA:37,380,1,0
BRDA:37,381,0,0
BRDA:37,381,1,0
BRDA:37,382,0,0
BRDA:37,382,1,0
BRDA:37,383,0,0
BRDA:37,383,1,0
BRDA:37,384,0,0
BRDA:37,384,1,0
BRDA:37,385,0,0
BRDA:37,385,1,0
BRDA:37,386,0,0
BRDA:37,386,1,0
BRDA:37,387,0,0
BRDA:37,387,1,0
BRDA:37,388,0,0
BRDA:37,388,1,0
BRDA:37,389,0,0
BRDA:37,389,1,0
BRDA:37,389,2,0
BRDA:37,389,3,0
BRDA:37,389,4,0
BRDA:37,389,5,0
BRDA:37,389,6,0
BRDA:37,389,7,0
BRDA:37,389,8,0
BRDA:37,389,9,0
BRDA:37,390,0,0
BRDA:37,390,1,0
BRDA:37,391,0,0
BRDA:37,391,1,0
BRDA:37,392,0,0
BRDA:37,392,1,0
BRDA:37,393,0,0
BRDA:37,393,1,0
BRDA:37,394,0,0
BRDA:37,394,1,0
BRDA:37,394,2,0
BRDA:37,395,0,0
BRDA:37,395,1,0
BRDA:37,395,2,0
BRDA:37,395,3,0
BRDA:37,395,4,0
BRDA:37,396,0,0
BRDA:37,396,1,0
BRDA:37,397,0,0
BRDA:37,397,1,0
BRDA:37,398,0,0
BRDA:37,398,1,0
BRDA:37,399,0,0
BRDA:37,399,1,0
BRDA:37,400,0,0
BRDA:37,400,1,0
BRDA:37,401,0,0
BRDA:37,401,1,0
BRDA:37,402,0,0
BRDA:37,402,1,0
BRDA:37,403,0,0
BRDA:37,403,1,0
BRDA:37,404,0,0
BRDA:37,404,1,0
BRDA:37,405,0,0
BRDA:37,405,1,0
BRDA:37,406,0,0
BRDA:37,406,1,0
BRDA:37,407,0,0
BRDA:37,407,1,0
BRDA:37,408,0,0
BRDA:37,408,1,0
BRDA:37,409,0,0
BRDA:37,409,1,0
BRDA:37,409,2,0
BRDA:37,410,0,0
BRDA:37,410,1,0
BRDA:37,410,2,0
BRDA:37,411,0,0
BRDA:37,411,1,0
BRDA:37,411,2,0
BRDA:37,412,0,0
BRDA:37,412,1,0
BRDA:37,413,0,0
BRDA:37,413,1,0
BRDA:37,414,0,0
BRDA:37,414,1,0
BRDA:37,415,0,0
BRDA:37,415,1,0
BRDA:37,416,0,0
BRDA:37,416,1,0
BRDA:37,417,0,0
BRDA:37,417,1,0
BRDA:37,418,0,0
BRDA:37,418,1,0
BRDA:37,419,0,0
BRDA:37,419,1,0
BRDA:37,420,0,0
BRDA:37,420,1,0
BRDA:37,421,0,0
BRDA:37,421,1,0
BRDA:37,422,0,0
BRDA:37,422,1,0
BRDA:37,423,0,0
BRDA:37,423,1,0
BRDA:37,424,0,0
BRDA:37,424,1,0
BRDA:37,425,0,0
BRDA:37,425,1,0
BRDA:37,426,0,0
BRDA:37,426,1,0
BRDA:37,427,0,0
BRDA:37,427,1,0
BRDA:37,428,0,0
BRDA:37,428,1,0
BRDA:37,429,0,0
BRDA:37,429,1,0
BRDA:37,430,0,0
BRDA:37,430,1,0
BRDA:37,431,0,0
BRDA:37,431,1,0
BRDA:37,432,0,0
BRDA:37,432,1,0
BRDA:37,433,0,0
BRDA:37,433,1,0
BRDA:37,434,0,0
BRDA:37,434,1,0
BRDA:37,435,0,0
BRDA:37,435,1,0
BRDA:37,436,0,0
BRDA:37,436,1,0
BRDA:37,437,0,0
BRDA:37,437,1,0
BRDA:37,438,0,0
BRDA:37,438,1,0
BRDA:37,439,0,0
BRDA:37,439,1,0
BRDA:37,439,2,0
BRDA:37,439,3,0
BRDA:37,439,4,0
BRDA:37,439,5,0
BRDA:37,439,6,0
BRDA:37,439,7,0
BRDA:37,439,8,0
BRDA:37,439,9,0
BRDA:37,439,10,0
BRDA:37,439,11,0
BRDA:37,439,12,0
BRDA:37,439,13,0
BRDA:37,439,14,0
BRDA:37,439,15,0
BRDA:37,439,16,0
BRDA:37,439,17,0
BRDA:37,439,18,0
BRDA:37,439,19,0
BRDA:37,439,20,0
BRDA:37,439,21,0
BRDA:37,439,22,0
BRDA:37,439,23,0
BRDA:37,439,24,0
BRDA:37,439,25,0
BRDA:37,439,26,0
BRDA:37,439,27,0
BRDA:37,439,28,0
BRDA:37,439,29,0
BRDA:37,439,30,0
BRDA:37,439,31,0
BRDA:37,439,32,0
BRDA:37,439,33,0
BRDA:37,439,34,0
BRDA:37,439,35,0
BRDA:37,439,36,0
BRDA:37,439,37,0
BRDA:37,439,38,0
BRDA:37,439,39,0
BRDA:37,439,40,0
BRDA:37,439,41,0
BRDA:37,439,42,0
BRDA:37,439,43,0
BRDA:37,439,44,0
BRDA:37,439,45,0
BRDA:37,439,46,0
BRDA:37,439,47,0
BRDA:37,439,48,0
BRDA:37,439,49,0
BRDA:37,439,50,0
BRDA:37,439,51,0
BRDA:37,439,52,0
BRDA:37,439,53,0
BRDA:37,439,54,0
BRDA:37,439,55,0
BRDA:37,439,56,0
BRDA:37,439,57,0
BRDA:37,439,58,0
BRDA:37,439,59,0
BRDA:37,439,60,0
BRDA:37,439,61,0
BRDA:37,439,62,0
BRDA:37,439,63,0
BRDA:37,439,64,0
BRDA:37,439,65,0
BRDA:37,439,66,0
BRDA:37,439,67,0
BRDA:37,439,68,0
BRDA:37,439,69,0
BRDA:37,439,70,0
BRDA:37,439,71,0
BRDA:37,440,0,0
BRDA:37,440,1,0
BRDA:37,440,2,0
BRDA:37,440,3,0
BRDA:37,440,4,0
BRDA:37,440,5,0
BRDA:37,441,0,0
BRDA:37,441,1,0
BRDA:37,442,0,0
BRDA:37,442,1,0
BRDA:37,443,0,0
BRDA:37,443,1,0
BRDA:37,444,0,0
BRDA:37,444,1,0
BRDA:37,445,0,0
BRDA:37,445,1,0
BRDA:37,446,0,0
BRDA:37,446,1,0
BRDA:37,447,0,0
BRDA:37,447,1,0
BRDA:37,447,2,0
BRDA:37,448,0,0
BRDA:37,448,1,0
BRDA:37,449,0,0
BRDA:37,449,1,0
BRDA:37,450,0,0
BRDA:37,450,1,0
BRDA:37,451,0,0
BRDA:37,451,1,0
BRDA:37,452,0,0
BRDA:37,452,1,0
BRDA:37,453,0,0
BRDA:37,453,1,0
BRDA:37,454,0,0
BRDA:37,454,1,0
BRDA:37,455,0,0
BRDA:37,455,1,0
BRDA:37,456,0,0
BRDA:37,456,1,0
BRDA:37,457,0,0
BRDA:37,457,1,0
BRDA:37,458,0,0
BRDA:37,458,1,0
BRDA:37,459,0,0
BRDA:37,459,1,0
BRDA:37,460,0,0
BRDA:37,460,1,0
BRDA:37,461,0,0
BRDA:37,461,1,0
BRDA:37,462,0,0
BRDA:37,462,1,0
BRDA:37,463,0,0
BRDA:37,463,1,0
BRDA:37,464,0,0
BRDA:37,464,1,0
BRDA:37,465,0,0
BRDA:37,465,1,0
BRDA:37,466,0,0
BRDA:37,466,1,0
BRDA:37,467,0,0
BRDA:37,467,1,0
BRDA:37,468,0,0
BRDA:37,468,1,0
BRDA:37,469,0,0
BRDA:37,469,1,0
BRDA:37,470,0,0
BRDA:37,470,1,0
BRDA:37,471,0,0
BRDA:37,471,1,0
BRDA:37,472,0,0
BRDA:37,472,1,0
BRDA:37,473,0,0
BRDA:37,473,1,0
BRDA:37,474,0,0
BRDA:37,474,1,0
BRDA:37,475,0,0
BRDA:37,475,1,0
BRDA:37,476,0,0
BRDA:37,476,1,0
BRDA:37,477,0,0
BRDA:37,477,1,0
BRDA:37,478,0,0
BRDA:37,478,1,0
BRDA:37,479,0,0
BRDA:37,479,1,0
BRDA:37,480,0,0
BRDA:37,480,1,0
BRDA:37,481,0,0
BRDA:37,481,1,0
BRDA:37,482,0,0
BRDA:37,482,1,0
BRDA:37,483,0,0
BRDA:37,483,1,0
BRDA:37,484,0,0
BRDA:37,484,1,0
BRDA:37,485,0,0
BRDA:37,485,1,0
BRDA:37,486,0,0
BRDA:37,486,1,0
BRDA:37,487,0,0
BRDA:37,487,1,0
BRDA:37,488,0,0
BRDA:37,488,1,0
BRDA:37,489,0,0
BRDA:37,489,1,0
BRDA:37,490,0,0
BRDA:37,490,1,0
BRDA:37,491,0,0
BRDA:37,491,1,0
BRDA:37,492,0,0
BRDA:37,492,1,0
BRDA:37,492,2,0
BRDA:37,493,0,0
BRDA:37,493,1,0
BRDA:37,493,2,0
BRDA:37,494,0,0
BRDA:37,494,1,0
BRDA:37,494,2,0
BRDA:37,494,3,0
BRDA:37,494,4,0
BRDA:37,495,0,0
BRDA:37,495,1,0
BRDA:37,495,2,0
BRDA:37,495,3,0
BRDA:37,495,4,0
BRDA:37,495,5,0
BRDA:37,496,0,0
BRDA:37,496,1,0
BRDA:37,497,0,0
BRDA:37,497,1,0
BRDA:37,498,0,0
BRDA:37,498,1,0
BRDA:37,498,2,0
BRDA:37,498,3,0
BRDA:37,499,0,0
BRDA:37,499,1,0
BRDA:37,500,0,0
BRDA:37,500,1,0
BRDA:37,501,0,0
BRDA:37,501,1,0
BRDA:37,502,0,0
BRDA:37,502,1,0
BRDA:37,503,0,0
BRDA:37,503,1,0
BRDA:37,504,0,0
BRDA:37,504,1,0
BRDA:37,504,2,0
BRDA:37,505,0,0
BRDA:37,505,1,0
BRDA:37,505,2,0
BRDA:37,505,3,0
BRDA:37,506,0,0
BRDA:37,506,1,0
BRDA:37,507,0,0
BRDA:37,507,1,0
BRDA:37,507,2,0
BRDA:37,508,0,0
BRDA:37,508,1,0
BRDA:37,508,2,0
BRDA:37,509,0,0
BRDA:37,509,1,0
BRDA:37,510,0,0
BRDA:37,510,1,0
BRDA:37,511,0,0
BRDA:37,511,1,0
BRDA:37,512,0,0
BRDA:37,512,1,0
BRDA:37,513,0,0
BRDA:37,513,1,0
BRDA:37,514,0,0
BRDA:37,514,1,0
BRDA:37,514,2,0
BRDA:37,515,0,0
BRDA:37,515,1,0
BRDA:37,516,0,0
BRDA:37,516,1,0
BRDA:37,517,0,0
BRDA:37,517,1,0
BRDA:37,518,0,0
BRDA:37,518,1,0
BRDA:37,519,0,0
BRDA:37,519,1,0
BRDA:37,520,0,0
BRDA:37,520,1,0
BRDA:37,521,0,0
BRDA:37,521,1,0
BRDA:37,522,0,0
BRDA:37,522,1,0
BRDA:37,522,2,0
BRDA:37,523,0,0
BRDA:37,523,1,0
BRDA:37,524,0,0
BRDA:37,524,1,0
BRDA:37,525,0,0
BRDA:37,525,1,0
BRDA:37,526,0,0
BRDA:37,526,1,0
BRDA:37,527,0,0
BRDA:37,527,1,0
BRDA:37,528,0,0
BRDA:37,528,1,0
BRDA:37,529,0,0
BRDA:37,529,1,0
BRDA:37,529,2,0
BRDA:37,530,0,0
BRDA:37,530,1,0
BRDA:37,531,0,0
BRDA:37,531,1,0
BRDA:37,532,0,0
BRDA:37,532,1,0
BRDA:37,533,0,0
BRDA:37,533,1,0
BRDA:37,533,2,0
BRDA:37,533,3,0
BRDA:37,533,4,0
BRDA:37,534,0,0
BRDA:37,534,1,0
BRDA:37,535,0,0
BRDA:37,535,1,0
BRDA:37,536,0,0
BRDA:37,536,1,0
BRDA:37,537,0,0
BRDA:37,537,1,0
BRDA:37,537,2,0
BRDA:37,537,3,0
BRDA:37,538,0,0
BRDA:37,538,1,0
BRDA:37,539,0,0
BRDA:37,539,1,0
BRDA:37,540,0,0
BRDA:37,540,1,0
BRDA:37,541,0,0
BRDA:37,541,1,0
BRDA:37,542,0,0
BRDA:37,542,1,0
BRDA:37,543,0,0
BRDA:37,543,1,0
BRDA:37,544,0,0
BRDA:37,544,1,0
BRDA:37,545,0,0
BRDA:37,545,1,0
BRDA:37,546,0,0
BRDA:37,546,1,0
BRDA:37,547,0,0
BRDA:37,547,1,0
BRDA:37,548,0,0
BRDA:37,548,1,0
BRDA:37,549,0,0
BRDA:37,549,1,0
BRDA:37,550,0,0
BRDA:37,550,1,0
BRDA:37,551,0,0
BRDA:37,551,1,0
BRDA:37,552,0,0
BRDA:37,552,1,0
BRDA:37,553,0,0
BRDA:37,553,1,0
BRDA:37,554,0,0
BRDA:37,554,1,0
BRDA:37,555,0,0
BRDA:37,555,1,0
BRDA:37,556,0,0
BRDA:37,556,1,0
BRDA:37,556,2,0
BRDA:37,557,0,0
BRDA:37,557,1,0
BRDA:37,557,2,0
BRDA:37,557,3,0
BRDA:37,557,4,0
BRDA:37,557,5,0
BRDA:37,557,6,0
BRDA:37,557,7,0
BRDA:37,557,8,0
BRDA:37,558,0,0
BRDA:37,558,1,0
BRDA:37,559,0,0
BRDA:37,559,1,0
BRDA:37,559,2,0
BRDA:37,559,3,0
BRDA:37,560,0,0
BRDA:37,560,1,0
BRDA:37,561,0,0
BRDA:37,561,1,0
BRDA:37,562,0,0
BRDA:37,562,1,0
[...]
BRDA:80,3394,1,0
BRDA:80,3395,0,0
BRDA:80,3395,1,0
BRDA:80,3396,0,0
BRDA:80,3396,1,0
BRDA:80,3397,0,0
BRDA:80,3397,1,0
BRDA:80,3398,0,0
BRDA:80,3398,1,0
BRDA:80,3399,0,0
BRDA:80,3399,1,0
BRDA:80,3400,0,0
BRDA:80,3400,1,0
BRDA:80,3401,0,0
BRDA:80,3401,1,0
BRDA:80,3402,0,0
BRDA:80,3402,1,0
BRDA:80,3403,0,0
BRDA:80,3403,1,0
BRDA:80,3404,0,0
BRDA:80,3404,1,0
BRDA:80,3405,0,0
BRDA:80,3405,1,0
BRDA:80,3406,0,0
BRDA:80,3406,1,0
BRDA:80,3407,0,0
BRDA:80,3407,1,0
BRDA:80,3408,0,0
BRDA:80,3408,1,0
BRDA:80,3409,0,0
BRDA:80,3409,1,0
BRDA:80,3410,0,0
BRDA:80,3410,1,0
BRDA:80,3411,0,0
BRDA:80,3411,1,0
BRDA:80,3412,0,0
BRDA:80,3412,1,0
BRDA:80,3413,0,0
BRDA:80,3413,1,0
BRDA:80,3414,0,0
BRDA:80,3414,1,0
BRDA:80,3415,0,0
BRDA:80,3415,1,0
BRDA:80,3416,0,0
BRDA:80,3416,1,0
BRDA:80,3417,0,0
BRDA:80,3417,1,0
BRDA:80,3418,0,0
BRDA:80,3418,1,0
BRDA:80,3418,2,0
BRDA:80,3418,3,0
BRDA:80,3419,0,0
BRDA:80,3419,1,0
BRDA:80,3420,0,0
BRDA:80,3420,1,0
BRDA:80,3421,0,0
BRDA:80,3421,1,0
BRDA:80,3421,2,0
BRDA:80,3422,0,0
BRDA:80,3422,1,0
BRDA:80,3423,0,0
BRDA:80,3423,1,0
BRDA:80,3423,2,0
BRDA:80,3424,0,0
BRDA:80,3424,1,0
BRDA:80,3425,0,0
BRDA:80,3425,1,0
BRDA:80,3426,0,0
BRDA:80,3426,1,0
BRDA:80,3427,0,0
BRDA:80,3427,1,0
BRDA:80,3428,0,0
BRDA:80,3428,1,0
BRDA:80,3429,0,0
BRDA:80,3429,1,0
BRDA:80,3430,0,0
BRDA:80,3430,1,0
BRDA:80,3431,0,0
BRDA:80,3431,1,0
BRDA:80,3431,2,0
BRDA:80,3432,0,0
BRDA:80,3432,1,0
BRDA:80,3433,0,0
BRDA:80,3433,1,0
BRDA:80,3434,0,0
BRDA:80,3434,1,0
BRDA:80,3435,0,0
BRDA:80,3435,1,0
BRDA:80,3436,0,0
BRDA:80,3436,1,0
BRDA:80,3437,0,0
BRDA:80,3437,1,0
BRDA:80,3437,2,0
BRDA:80,3437,3,0
BRDA:80,3437,4,0
BRDA:80,3438,0,0
BRDA:80,3438,1,0
BRDA:80,3439,0,0
BRDA:80,3439,1,0
BRDA:80,3439,2,0
BRDA:80,3440,0,0
BRDA:80,3440,1,0
BRDA:80,3441,0,0
BRDA:80,3441,1,0
BRDA:80,3442,0,0
BRDA:80,3442,1,0
BRDA:80,3443,0,0
BRDA:80,3443,1,0
BRDA:80,3444,0,0
BRDA:80,3444,1,0
BRDA:80,3445,0,0
BRDA:80,3445,1,0
BRDA:80,3445,2,0
BRDA:80,3446,0,0
BRDA:80,3446,1,0
BRDA:80,3447,0,0
BRDA:80,3447,1,0
BRDA:80,3448,0,0
BRDA:80,3448,1,0
BRDA:80,3449,0,0
BRDA:80,3449,1,0
BRDA:80,3450,0,0
BRDA:80,3450,1,0
BRDA:80,3451,0,0
BRDA:80,3451,1,0
BRDA:80,3452,0,0
BRDA:80,3452,1,0
BRDA:80,3453,0,0
BRDA:80,3453,1,0
BRDA:80,3454,0,0
BRDA:80,3454,1,0
BRDA:80,3455,0,0
BRDA:80,3455,1,0
BRDA:80,3456,0,0
BRDA:80,3456,1,0
BRDA:80,3457,0,0
BRDA:80,3457,1,0
BRDA:80,3458,0,0
BRDA:80,3458,1,0
BRDA:80,3459,0,0
BRDA:80,3459,1,0
BRDA:80,3460,0,0
BRDA:80,3460,1,0
BRDA:80,3461,0,0
BRDA:80,3461,1,0
BRDA:80,3462,0,0
BRDA:80,3462,1,0
BRDA:80,3463,0,0
BRDA:80,3463,1,0
BRDA:80,3464,0,0
BRDA:80,3464,1,0
BRDA:80,3465,0,0
BRDA:80,3465,1,0
BRDA:80,3466,0,0
BRDA:80,3466,1,0
BRDA:80,3467,0,0
BRDA:80,3467,1,0
BRDA:80,3468,0,0
BRDA:80,3468,1,0
BRDA:80,3469,0,0
BRDA:80,3469,1,0
BRDA:80,3470,0,0
BRDA:80,3470,1,0
BRDA:80,3471,0,0
BRDA:80,3471,1,0
BRDA:80,3472,0,0
BRDA:80,3472,1,0
BRDA:80,3472,2,0
BRDA:80,3472,3,0
BRDA:80,3473,0,0
BRDA:80,3473,1,0
BRDA:80,3473,2,0
BRDA:80,3473,3,0
BRDA:80,3473,4,0
BRDA:80,3474,0,0
BRDA:80,3474,1,0
BRDA:80,3475,0,0
BRDA:80,3475,1,0
BRDA:80,3476,0,0
BRDA:80,3476,1,0
BRDA:80,3477,0,0
BRDA:80,3477,1,0
BRDA:80,3478,0,0
BRDA:80,3478,1,0
BRDA:80,3479,0,0
BRDA:80,3479,1,0
BRDA:80,3480,0,0
BRDA:80,3480,1,0
BRDA:80,3480,2,0
BRDA:80,3481,0,0
BRDA:80,3481,1,0
BRDA:80,3482,0,0
BRDA:80,3482,1,0
BRDA:80,3483,0,0
BRDA:80,3483,1,0
BRDA:80,3484,0,0
BRDA:80,3484,1,0
BRDA:80,3485,0,0
BRDA:80,3485,1,0
BRDA:80,3486,0,0
BRDA:80,3486,1,0
BRDA:80,3487,0,0
BRDA:80,3487,1,0
BRDA:80,3488,0,0
BRDA:80,3488,1,0
BRDA:80,3489,0,0
BRDA:80,3489,1,0
BRDA:80,3490,0,0
BRDA:80,3490,1,0
BRDA:80,3490,2,0
BRDA:80,3491,0,0
BRDA:80,3491,1,0
BRDA:80,3492,0,0
BRDA:80,3492,1,0
BRDA:80,3493,0,0
BRDA:80,3493,1,0
BRDA:80,3494,0,0
BRDA:80,3494,1,0
BRDA:80,3495,0,0
BRDA:80,3495,1,0
BRDA:80,3495,2,0
BRDA:80,3496,0,0
BRDA:80,3496,1,0
BRDA:80,3497,0,0
BRDA:80,3497,1,0
BRDA:80,3498,0,0
BRDA:80,3498,1,0
BRDA:80,3499,0,0
BRDA:80,3499,1,0
BRDA:80,3500,0,0
BRDA:80,3500,1,0
BRDA:80,3501,0,0
BRDA:80,3501,1,0
BRDA:80,3502,0,0
BRDA:80,3502,1,0
BRDA:80,3503,0,0
BRDA:80,3503,1,0
BRDA:80,3504,0,0
BRDA:80,3504,1,0
BRDA:80,3505,0,0
BRDA:80,3505,1,0
BRDA:80,3506,0,0
BRDA:80,3506,1,0
BRDA:80,3507,0,0
BRDA:80,3507,1,0
BRDA:80,3508,0,0
BRDA:80,3508,1,0
BRDA:80,3509,0,0
BRDA:80,3509,1,0
BRDA:80,3509,2,0
BRDA:80,3510,0,0
BRDA:80,3510,1,0
BRDA:80,3511,0,0
BRDA:80,3511,1,0
BRDA:80,3512,0,0
BRDA:80,3512,1,0
BRDA:80,3513,0,0
BRDA:80,3513,1,0
BRDA:80,3514,0,0
BRDA:80,3514,1,0
BRDA:80,3515,0,0
BRDA:80,3515,1,0
BRDA:80,3516,0,0
BRDA:80,3516,1,0
BRDA:80,3517,0,0
BRDA:80,3517,1,0
BRDA:80,3518,0,0
BRDA:80,3518,1,0
BRDA:80,3519,0,0
BRDA:80,3519,1,0
BRDA:80,3520,0,0
BRDA:80,3520,1,0
BRDA:80,3521,0,0
BRDA:80,3521,1,0
BRDA:80,3522,0,0
BRDA:80,3522,1,0
BRDA:80,3523,0,0
BRDA:80,3523,1,0
BRDA:80,3524,0,0
BRDA:80,3524,1,0
BRDA:80,3525,0,0
BRDA:80,3525,1,0
BRDA:80,3525,2,0
BRDA:80,3526,0,0
BRDA:80,3526,1,0
BRDA:80,3527,0,0
BRDA:80,3527,1,0
BRDA:80,3528,0,0
BRDA:80,3528,1,0
BRDA:80,3529,0,0
BRDA:80,3529,1,0
BRDA:80,3530,0,0
BRDA:80,3530,1,0
BRDA:80,3531,0,0
BRDA:80,3531,1,0
BRDA:80,3531,2,0
BRDA:80,3532,0,0
BRDA:80,3532,1,0
BRDA:80,3533,0,0
BRDA:80,3533,1,0
BRDA:80,3534,0,0
BRDA:80,3534,1,0
BRDA:80,3535,0,0
BRDA:80,3535,1,0
BRDA:80,3536,0,0
BRDA:80,3536,1,0
BRDA:80,3537,0,0
BRDA:80,3537,1,0
BRDA:80,3538,0,0
BRDA:80,3538,1,0
BRDA:80,3539,0,0
BRDA:80,3539,1,0
BRDA:80,3540,0,0
BRDA:80,3540,1,0
BRDA:80,3540,2,0
BRDA:80,3541,0,0
BRDA:80,3541,1,0
BRDA:80,3542,0,0
BRDA:80,3542,1,0
BRDA:80,3543,0,0
BRDA:80,3543,1,0
BRDA:80,3544,0,0
BRDA:80,3544,1,0
BRDA:80,3545,0,0
BRDA:80,3545,1,0
BRDA:80,3546,0,0
BRDA:80,3546,1,0
BRDA:80,3547,0,0
BRDA:80,3547,1,0
BRDA:80,3548,0,0
BRDA:80,3548,1,0
BRDA:80,3549,0,0
BRDA:80,3549,1,0
BRDA:80,3550,0,0
BRDA:80,3550,1,0
BRDA:80,3550,2,0
BRDA:80,3551,0,0
BRDA:80,3551,1,0
BRDA:80,3552,0,0
BRDA:80,3552,1,0
BRDA:80,3553,0,0
BRDA:80,3553,1,0
BRDA:80,3554,0,0
BRDA:80,3554,1,0
BRDA:80,3555,0,0
BRDA:80,3555,1,0
BRDA:80,3556,0,0
BRDA:80,3556,1,0
BRDA:80,3556,2,0
BRDA:80,3557,0,0
BRDA:80,3557,1,0
BRDA:80,3558,0,0
BRDA:80,3558,1,0
BRDA:80,3559,0,0
BRDA:80,3559,1,0
BRDA:80,3560,0,0
BRDA:80,3560,1,0
BRDA:80,3561,0,0
BRDA:80,3561,1,0
BRDA:80,3562,0,0
BRDA:80,3562,1,0
BRDA:80,3562,2,0
BRDA:80,3562,3,0
BRDA:80,3563,0,0
BRDA:80,3563,1,0
BRDA:80,3564,0,0
BRDA:80,3564,1,0
BRDA:80,3565,0,0
BRDA:80,3565,1,0
BRDA:80,3566,0,0
BRDA:80,3566,1,0
BRDA:80,3567,0,0
BRDA:80,3567,1,0
BRDA:80,3568,0,0
BRDA:80,3568,1,0
BRDA:80,3569,0,0
BRDA:80,3569,1,0
BRDA:80,3570,0,0
BRDA:80,3570,1,0
BRDA:80,3571,0,0
BRDA:80,3571,1,0
BRDA:80,3572,0,0
BRDA:80,3572,1,0
BRDA:80,3573,0,0
BRDA:80,3573,1,0
BRDA:80,3574,0,0
BRDA:80,3574,1,0
BRDA:80,3574,2,0
BRDA:80,3574,3,0
BRDA:80,3575,0,0
BRDA:80,3575,1,0
BRDA:80,3576,0,0
BRDA:80,3576,1,0
BRDA:80,3577,0,0
BRDA:80,3577,1,0
BRDA:80,3578,0,0
BRDA:80,3578,1,0
BRDA:80,3579,0,0
BRDA:80,3579,1,0
BRDA:80,3580,0,0
BRDA:80,3580,1,0
BRDA:80,3581,0,0
BRDA:80,3581,1,0
BRDA:80,3582,0,0
BRDA:80,3582,1,0
BRDA:80,3583,0,0
BRDA:80,3583,1,0
BRDA:80,3584,0,0
BRDA:80,3584,1,0
BRDA:80,3584,2,0
BRDA:80,3585,0,0
BRDA:80,3585,1,0
BRDA:80,3585,2,0
BRDA:80,3586,0,0
BRDA:80,3586,1,0
BRDA:80,3586,2,0
BRDA:80,3587,0,0
BRDA:80,3587,1,0
BRDA:80,3587,2,0
BRDA:80,3588,0,0
BRDA:80,3588,1,0
BRDA:80,3589,0,0
BRDA:80,3589,1,0
BRDA:80,3590,0,0
BRDA:80,3590,1,0
BRDA:80,3590,2,0
BRDA:80,3591,0,0
BRDA:80,3591,1,0
BRDA:80,3592,0,0
BRDA:80,3592,1,0
BRDA:80,3593,0,0
BRDA:80,3593,1,0
BRDA:80,3594,0,0
BRDA:80,3594,1,0
BRDA:80,3595,0,0
BRDA:80,3595,1,0
BRDA:80,3596,0,0
BRDA:80,3596,1,0
BRDA:80,3597,0,0
BRDA:80,3597,1,0
BRDA:80,3598,0,0
BRDA:80,3598,1,0
BRDA:80,3599,0,0
BRDA:80,3599,1,0
BRDA:80,3600,0,0
BRDA:80,3600,1,0
BRDA:80,3600,2,0
BRDA:80,3600,3,0
BRDA:80,3601,0,0
BRDA:80,3601,1,0
BRDA:80,3602,0,0
BRDA:80,3602,1,0
BRDA:80,3603,0,0
BRDA:80,3603,1,0
BRDA:80,3603,2,0
BRDA:80,3604,0,0
BRDA:80,3604,1,0
BRDA:80,3605,0,0
BRDA:80,3605,1,0
BRDA:80,3606,0,0
BRDA:80,3606,1,0
BRDA:80,3606,2,0
BRDA:80,3606,3,0
BRDA:80,3607,0,0
BRDA:80,3607,1,0
BRDA:80,3608,0,0
BRDA:80,3608,1,0
BRDA:80,3609,0,0
BRDA:80,3609,1,0
BRDA:80,3610,0,0
BRDA:80,3610,1,0
BRDA:80,3611,0,0
BRDA:80,3611,1,0
BRDA:80,3612,0,0
BRDA:80,3612,1,0
BRDA:80,3613,0,0
BRDA:80,3613,1,0
BRDA:80,3613,2,0
BRDA:80,3613,3,0
BRDA:80,3613,4,0
BRDA:80,3614,0,0
BRDA:80,3614,1,0
BRDA:80,3615,0,0
BRDA:80,3615,1,0
BRDA:80,3616,0,0
BRDA:80,3616,1,0
BRDA:80,3617,0,0
BRDA:80,3617,1,0
BRDA:80,3618,0,0
BRDA:80,3618,1,0
BRDA:80,3619,0,0
BRDA:80,3619,1,0
BRDA:80,3620,0,0
BRDA:80,3620,1,0
BRDA:80,3621,0,0
BRDA:80,3621,1,0
BRDA:80,3622,0,0
BRDA:80,3622,1,0
BRDA:80,3623,0,0
BRDA:80,3623,1,0
BRDA:80,3624,0,0
BRDA:80,3624,1,0
BRDA:80,3625,0,0
BRDA:80,3625,1,0
BRDA:80,3626,0,0
BRDA:80,3626,1,0
BRDA:80,3626,2,0
BRDA:80,3626,3,0
BRDA:80,3627,0,0
BRDA:80,3627,1,0
BRDA:80,3628,0,0
BRDA:80,3628,1,0
BRDA:80,3629,0,0
BRDA:80,3629,1,0
BRDA:80,3630,0,0
BRDA:80,3630,1,0
BRDA:80,3631,0,0
BRDA:80,3631,1,0
BRDA:80,3631,2,0
BRDA:80,3632,0,0
BRDA:80,3632,1,0
BRDA:80,3633,0,0
BRDA:80,3633,1,0
BRDA:80,3633,2,0
BRDA:80,3634,0,0
BRDA:80,3634,1,0
BRDA:80,3635,0,0
BRDA:80,3635,1,0
BRDA:80,3635,2,0
BRDA:80,3636,0,0
BRDA:80,3636,1,0
BRDA:80,3637,0,0
BRDA:80,3637,1,0
BRDA:80,3638,0,0
BRDA:80,3638,1,0
BRDA:80,3639,0,0
BRDA:80,3639,1,0
BRDA:80,3640,0,0
BRDA:80,3640,1,0
BRDA:80,3641,0,0
BRDA:80,3641,1,0
BRDA:80,3642,0,0
BRDA:80,3642,1,0
BRDA:80,3642,2,0
BRDA:80,3643,0,0
BRDA:80,3643,1,0
BRDA:80,3644,0,0
BRDA:80,3644,1,0
BRDA:80,3645,0,0
BRDA:80,3645,1,0
BRDA:80,3646,0,0
BRDA:80,3646,1,0
BRDA:80,3647,0,0
BRDA:80,3647,1,0
BRDA:80,3648,0,0
BRDA:80,3648,1,0
BRDA:80,3649,0,0
BRDA:80,3649,1,0
BRDA:80,3650,0,0
BRDA:80,3650,1,0
BRDA:80,3651,0,0
BRDA:80,3651,1,0
BRDA:80,3652,0,0
BRDA:80,3652,1,0
BRDA:80,3653,0,0
BRDA:80,3653,1,0
BRDA:80,3654,0,0
BRDA:80,3654,1,0
BRDA:80,3655,0,0
BRDA:80,3655,1,0
BRDA:80,3655,2,0
BRDA:80,3656,0,0
BRDA:80,3656,1,0
BRDA:80,3657,0,0
BRDA:80,3657,1,0
BRDA:80,3658,0,0
BRDA:80,3658,1,0
BRDA:80,3659,0,0
BRDA:80,3659,1,0
BRDA:80,3660,0,0
BRDA:80,3660,1,0
BRDA:80,3661,0,0
BRDA:80,3661,1,0
BRDA:80,3661,2,0
BRDA:80,3661,3,0
BRDA:80,3661,4,0
BRDA:80,3661,5,0
BRDA:80,3661,6,0
BRDA:80,3662,0,0
BRDA:80,3662,1,0
BRDA:80,3663,0,0
BRDA:80,3663,1,0
BRDA:80,3664,0,0
BRDA:80,3664,1,0
BRDA:80,3665,0,0
BRDA:80,3665,1,0
BRDA:80,3666,0,0
BRDA:80,3666,1,0
BRDA:80,3667,0,0
BRDA:80,3667,1,0
BRDA:80,3668,0,0
BRDA:80,3668,1,0
BRDA:80,3669,0,0
BRDA:80,3669,1,0
BRDA:80,3670,0,0
BRDA:80,3670,1,0
BRDA:80,3671,0,0
BRDA:80,3671,1,0
BRDA:80,3672,0,0
BRDA:80,3672,1,0
BRDA:80,3673,0,0
BRDA:80,3673,1,0
BRDA:80,3674,0,0
BRDA:80,3674,1,0
BRDA:80,3675,0,0
BRDA:80,3675,1,0
BRDA:80,3676,0,0
BRDA:80,3676,1,0
BRDA:80,3677,0,0
BRDA:80,3677,1,0
BRDA:80,3678,0,0
BRDA:80,3678,1,0
BRDA:80,3678,2,0
BRDA:80,3679,0,0
BRDA:80,3679,1,0
BRDA:80,3680,0,0
BRDA:80,3680,1,0
BRDA:80,3681,0,0
BRDA:80,3681,1,0
BRDA:80,3682,0,0
BRDA:80,3682,1,0
BRDA:80,3683,0,0
BRDA:80,3683,1,0
BRDA:80,3684,0,0
BRDA:80,3684,1,0
BRDA:80,3685,0,0
BRDA:80,3685,1,0
BRDA:80,3686,0,0
BRDA:80,3686,1,0
BRDA:80,3687,0,0
BRDA:80,3687,1,0
BRDA:80,3688,0,0
BRDA:80,3688,1,0
BRDA:80,3689,0,0
BRDA:80,3689,1,0
BRDA:80,3689,2,0
BRDA:80,3690,0,0
BRDA:80,3690,1,0
BRDA:80,3691,0,0
BRDA:80,3691,1,0
BRF:8544
BRH:0
end_of_record
TN:
SF:src\main.jsx
FNF:0
FNH:0
DA:12,0
DA:13,0
DA:27,0
LF:3
LH:0
BRF:0
BRH:0
end_of_record
TN:
SF:src\components\EntryForm\EntryForm.jsx
FN:6,(anonymous_0)
FN:16,(anonymous_1)
FN:21,(anonymous_2)
FN:28,(anonymous_3)
FN:41,(anonymous_4)
FN:51,(anonymous_5)
FNF:6
FNH:3
FNDA:10,(anonymous_0)
FNDA:4,(anonymous_1)
FNDA:0,(anonymous_2)
FNDA:2,(anonymous_3)
FNDA:0,(anonymous_4)
FNDA:0,(anonymous_5)
DA:6,1
DA:7,10
DA:13,10
DA:14,10
DA:16,10
DA:17,4
DA:18,4
DA:21,10
DA:22,0
DA:23,0
DA:24,0
DA:25,0
DA:28,10
DA:29,2
DA:30,2
DA:32,2
DA:33,2
DA:34,2
DA:37,0
DA:39,0
DA:40,0
DA:42,0
DA:43,0
DA:49,0
DA:52,0
DA:53,0
DA:55,0
DA:56,0
DA:57,0
DA:58,0
DA:60,0
DA:63,0
DA:68,10
LF:33
LH:15
BRDA:32,0,0,2
BRDA:32,0,1,0
BRDA:32,1,0,2
BRDA:32,1,1,2
BRDA:32,1,2,2
BRDA:55,2,0,0
BRDA:55,2,1,0
BRDA:56,3,0,0
BRDA:56,3,1,0
BRDA:57,4,0,0
BRDA:57,4,1,0
BRDA:83,5,0,10
BRDA:83,5,1,2
BRF:13
BRH:6
end_of_record
TN:
SF:src\components\ParkingStatus\ParkingStatus.jsx
FN:4,(anonymous_0)
FN:6,(anonymous_1)
FN:10,(anonymous_2)
FN:11,(anonymous_3)
FN:16,(anonymous_4)
FNF:5
FNH:3
FNDA:4,(anonymous_0)
FNDA:20,(anonymous_1)
FNDA:20,(anonymous_2)
FNDA:0,(anonymous_3)
FNDA:0,(anonymous_4)
DA:4,1
DA:5,4
DA:6,20
DA:8,4
DA:11,20
DA:12,20
DA:16,0
LF:7
LH:6
BRDA:13,0,0,0
BRDA:13,0,1,20
BRDA:15,1,0,20
BRDA:15,1,1,20
BRF:4
BRH:3
end_of_record
TN:
SF:src\components\VisitaFrecuenteForm\visitaFrecuenteForm.jsx
FN:11,(anonymous_0)
FN:18,(anonymous_1)
FN:22,(anonymous_2)
FN:56,(anonymous_3)
FN:60,(anonymous_4)
FN:66,(anonymous_5)
FN:69,(anonymous_6)
FN:72,(anonymous_7)
FNF:8
FNH:0
FNDA:0,(anonymous_0)
FNDA:0,(anonymous_1)
FNDA:0,(anonymous_2)
FNDA:0,(anonymous_3)
FNDA:0,(anonymous_4)
FNDA:0,(anonymous_5)
FNDA:0,(anonymous_6)
FNDA:0,(anonymous_7)
DA:4,0
DA:11,0
DA:12,0
DA:13,0
DA:14,0
DA:15,0
DA:16,0
DA:18,0
DA:19,0
DA:22,0
DA:23,0
DA:25,0
DA:26,0
DA:40,0
DA:41,0
DA:44,0
DA:45,0
DA:47,0
DA:51,0
DA:56,0
DA:61,0
DA:66,0
DA:69,0
DA:72,0
LF:24
LH:0
BRDA:40,0,0,0
BRDA:40,0,1,0
BRF:2
BRH:0
end_of_record
TN:
SF:src\layout\Admin\Admin.jsx
FN:5,Admin
FN:10,(anonymous_1)
FN:44,(anonymous_2)
FN:53,(anonymous_3)
FNF:4
FNH:0
FNDA:0,Admin
FNDA:0,(anonymous_1)
FNDA:0,(anonymous_2)
FNDA:0,(anonymous_3)
DA:6,0
DA:7,0
DA:8,0
DA:10,0
DA:11,0
DA:13,0
DA:14,0
DA:22,0
DA:23,0
DA:24,0
DA:26,0
DA:29,0
DA:30,0
DA:34,0
DA:44,0
DA:53,0
LF:16
LH:0
BRDA:22,0,0,0
BRDA:22,0,1,0
BRDA:60,1,0,0
BRDA:60,1,1,0
BRF:4
BRH:0
end_of_record
TN:
SF:src\layout\Delivery\Delivery.jsx
FN:8,DeliveryForm
FN:22,(anonymous_1)
FN:37,(anonymous_2)
FN:51,(anonymous_3)
FNF:4
FNH:0
FNDA:0,DeliveryForm
FNDA:0,(anonymous_1)
FNDA:0,(anonymous_2)
FNDA:0,(anonymous_3)
DA:9,0
DA:10,0
DA:11,0
DA:12,0
DA:14,0
DA:22,0
DA:23,0
DA:24,0
DA:25,0
DA:26,0
DA:27,0
DA:29,0
DA:30,0
DA:31,0
DA:34,0
DA:37,0
DA:38,0
DA:39,0
DA:40,0
DA:41,0
DA:43,0
DA:44,0
DA:45,0
DA:47,0
DA:51,0
DA:52,0
DA:53,0
DA:54,0
DA:55,0
DA:56,0
DA:57,0
DA:58,0
DA:61,0
LF:33
LH:0
BRDA:40,0,0,0
BRDA:40,0,1,0
BRDA:67,1,0,0
BRDA:67,1,1,0
BRF:4
BRH:0
end_of_record
TN:
SF:src\layout\Home\Home.jsx
FN:9,(anonymous_0)
FN:15,(anonymous_1)
FN:19,(anonymous_2)
FN:21,(anonymous_3)
FN:24,(anonymous_4)
FN:59,(anonymous_5)
FNF:6
FNH:0
FNDA:0,(anonymous_0)
FNDA:0,(anonymous_1)
FNDA:0,(anonymous_2)
FNDA:0,(anonymous_3)
FNDA:0,(anonymous_4)
FNDA:0,(anonymous_5)
DA:9,0
DA:10,0
DA:11,0
DA:12,0
DA:13,0
DA:15,0
DA:16,0
DA:19,0
DA:20,0
DA:22,0
DA:25,0
DA:26,0
DA:30,0
DA:38,0
DA:40,0
DA:60,0
LF:16
LH:0
BRF:0
BRH:0
end_of_record
TN:
SF:src\layout\Home\HomeUser.jsx
FN:8,(anonymous_0)
FN:15,(anonymous_1)
FN:20,(anonymous_2)
FN:22,(anonymous_3)
FN:25,(anonymous_4)
FN:57,(anonymous_5)
FNF:6
FNH:0
FNDA:0,(anonymous_0)
FNDA:0,(anonymous_1)
FNDA:0,(anonymous_2)
FNDA:0,(anonymous_3)
FNDA:0,(anonymous_4)
FNDA:0,(anonymous_5)
DA:8,0
DA:9,0
DA:10,0
DA:11,0
DA:12,0
DA:15,0
DA:16,0
DA:20,0
DA:21,0
DA:23,0
DA:26,0
DA:27,0
DA:33,0
DA:58,0
LF:14
LH:0
BRF:0
BRH:0
end_of_record
TN:
SF:src\layout\Login\Login.jsx
FN:7,(anonymous_0)
FN:16,(anonymous_1)
FN:30,(anonymous_2)
FN:36,(anonymous_3)
FN:53,(anonymous_4)
FN:60,(anonymous_5)
FN:90,(anonymous_6)
FN:98,(anonymous_7)
FN:111,(anonymous_8)
FN:112,(anonymous_9)
FNF:10
FNH:0
FNDA:0,(anonymous_0)
FNDA:0,(anonymous_1)
FNDA:0,(anonymous_2)
FNDA:0,(anonymous_3)
FNDA:0,(anonymous_4)
FNDA:0,(anonymous_5)
FNDA:0,(anonymous_6)
FNDA:0,(anonymous_7)
FNDA:0,(anonymous_8)
FNDA:0,(anonymous_9)
DA:7,0
DA:8,0
DA:9,0
DA:10,0
DA:11,0
DA:12,0
DA:13,0
DA:14,0
DA:16,0
DA:17,0
DA:18,0
DA:19,0
DA:23,0
DA:31,0
DA:32,0
DA:34,0
DA:37,0
DA:38,0
DA:39,0
DA:40,0
DA:41,0
DA:42,0
DA:44,0
DA:46,0
DA:47,0
DA:49,0
DA:50,0
DA:54,0
DA:55,0
DA:56,0
DA:60,0
DA:61,0
DA:63,0
DA:64,0
DA:66,0
DA:67,0
DA:69,0
DA:70,0
DA:72,0
DA:73,0
DA:77,0
DA:90,0
DA:98,0
DA:111,0
DA:112,0
LF:45
LH:0
BRDA:31,0,0,0
BRDA:31,0,1,0
BRDA:38,1,0,0
BRDA:38,1,1,0
BRDA:40,2,0,0
BRDA:40,2,1,0
BRDA:61,3,0,0
BRDA:61,3,1,0
BRDA:61,3,2,0
BRDA:61,3,3,0
BRDA:83,4,0,0
BRDA:83,4,1,0
BRDA:106,5,0,0
BRDA:106,5,1,0
BRDA:109,6,0,0
BRDA:109,6,1,0
BRF:16
BRH:0
end_of_record
TN:
SF:src\layout\Main\Main.jsx
FN:14,(anonymous_0)
FNF:1
FNH:0
FNDA:0,(anonymous_0)
DA:14,0
DA:15,0
LF:2
LH:0
BRF:0
BRH:0
end_of_record
TN:
SF:src\layout\Navbar\Navbar.jsx
FN:9,(anonymous_0)
FN:15,(anonymous_1)
FN:19,(anonymous_2)
FN:24,(anonymous_3)
FN:50,(anonymous_4)
FN:56,(anonymous_5)
FNF:6
FNH:1
FNDA:4,(anonymous_0)
FNDA:0,(anonymous_1)
FNDA:0,(anonymous_2)
FNDA:0,(anonymous_3)
FNDA:0,(anonymous_4)
FNDA:0,(anonymous_5)
DA:9,1
DA:10,4
DA:11,4
DA:12,4
DA:13,4
DA:15,4
DA:16,0
DA:19,4
DA:20,0
DA:21,0
DA:24,4
DA:25,0
DA:26,0
DA:29,4
DA:50,0
DA:56,0
LF:16
LH:9
BRDA:11,0,0,4
BRDA:11,0,1,4
BRDA:30,1,0,0
BRDA:30,1,1,4
BRDA:32,2,0,4
BRDA:32,2,1,0
BRDA:35,3,0,4
BRDA:35,3,1,0
BRDA:42,4,0,4
BRDA:42,4,1,0
BRDA:49,5,0,4
BRDA:49,5,1,0
BRDA:55,6,0,0
BRDA:55,6,1,4
BRDA:67,7,0,0
BRDA:67,7,1,4
BRF:16
BRH:9
end_of_record
TN:
SF:src\layout\PrivateRoute\PrivateRoute.jsx
FN:4,(anonymous_0)
FNF:1
FNH:0
FNDA:0,(anonymous_0)
DA:4,0
DA:5,0
DA:6,0
DA:8,0
DA:9,0
DA:13,0
DA:14,0
DA:15,0
DA:16,0
DA:17,0
DA:19,0
DA:23,0
LF:12
LH:0
BRDA:8,0,0,0
BRDA:8,0,1,0
BRDA:13,1,0,0
BRDA:13,1,1,0
BRDA:13,2,0,0
BRDA:13,2,1,0
BRDA:14,3,0,0
BRDA:14,3,1,0
BRDA:14,4,0,0
BRDA:14,4,1,0
BRDA:16,5,0,0
BRDA:16,5,1,0
BRF:12
BRH:0
end_of_record
TN:
SF:src\layout\Vehiculos\Vehiculos.jsx
FN:8,Vehiculos
FN:25,(anonymous_1)
FN:38,(anonymous_2)
FN:40,(anonymous_3)
FN:57,(anonymous_4)
FN:77,(anonymous_5)
FN:90,(anonymous_6)
FN:127,(anonymous_7)
FNF:8
FNH:4
FNDA:4,Vehiculos
FNDA:4,(anonymous_1)
FNDA:4,(anonymous_2)
FNDA:4,(anonymous_3)
FNDA:0,(anonymous_4)
FNDA:0,(anonymous_5)
FNDA:0,(anonymous_6)
FNDA:0,(anonymous_7)
DA:9,4
DA:10,4
DA:11,4
DA:12,4
DA:13,4
DA:14,4
DA:15,4
DA:17,4
DA:25,4
DA:26,4
DA:27,4
DA:28,1
DA:29,0
DA:31,1
DA:32,1
DA:34,3
DA:38,4
DA:39,4
DA:40,4
DA:41,4
DA:42,4
DA:43,1
DA:44,0
DA:46,1
DA:47,1
DA:48,1
DA:50,3
DA:54,4
DA:57,4
DA:58,0
DA:59,0
DA:60,0
DA:61,0
DA:63,0
DA:64,0
DA:66,0
DA:67,0
DA:68,0
DA:69,0
DA:70,0
DA:71,0
DA:73,0
DA:77,4
DA:78,0
DA:79,0
DA:80,0
DA:81,0
DA:84,0
DA:85,0
DA:87,0
DA:88,0
DA:89,0
DA:90,0
DA:91,0
DA:92,0
DA:95,0
DA:96,0
DA:98,0
DA:104,0
DA:106,0
DA:114,0
DA:115,0
DA:116,0
DA:119,0
DA:120,0
DA:122,0
DA:123,0
DA:127,4
DA:128,0
DA:129,0
DA:135,0
DA:137,0
DA:145,0
DA:146,0
DA:147,0
DA:150,0
DA:151,0
DA:153,0
DA:154,0
DA:158,4
LF:80
LH:30
BRDA:28,0,0,0
BRDA:28,0,1,1
BRDA:43,1,0,0
BRDA:43,1,1,1
BRDA:60,2,0,0
BRDA:60,2,1,0
BRDA:79,3,0,0
BRDA:79,3,1,0
BRDA:115,4,0,0
BRDA:115,4,1,0
BRDA:146,5,0,0
BRDA:146,5,1,0
BRDA:167,6,0,4
BRDA:167,6,1,0
BRDA:168,7,0,4
BRDA:168,7,1,0
BRF:16
BRH:4
end_of_record
TN:
SF:src\layout\Visitas\Visitas.jsx
FN:13,(anonymous_0)
FN:29,(anonymous_1)
FN:33,(anonymous_2)
FN:37,(anonymous_3)
FN:66,(anonymous_4)
FN:94,(anonymous_5)
FN:134,(anonymous_6)
FN:147,(anonymous_7)
FN:152,(anonymous_8)
FN:158,(anonymous_9)
FN:161,(anonymous_10)
FN:164,(anonymous_11)
FNF:12
FNH:0
FNDA:0,(anonymous_0)
FNDA:0,(anonymous_1)
FNDA:0,(anonymous_2)
FNDA:0,(anonymous_3)
FNDA:0,(anonymous_4)
FNDA:0,(anonymous_5)
FNDA:0,(anonymous_6)
FNDA:0,(anonymous_7)
FNDA:0,(anonymous_8)
FNDA:0,(anonymous_9)
FNDA:0,(anonymous_10)
FNDA:0,(anonymous_11)
DA:6,0
DA:13,0
DA:14,0
DA:15,0
DA:16,0
DA:17,0
DA:18,0
DA:19,0
DA:21,0
DA:22,0
DA:23,0
DA:24,0
DA:26,0
DA:27,0
DA:29,0
DA:30,0
DA:33,0
DA:34,0
DA:37,0
DA:38,0
DA:40,0
DA:41,0
DA:55,0
DA:56,0
DA:59,0
DA:60,0
DA:62,0
DA:66,0
DA:67,0
DA:69,0
DA:70,0
DA:83,0
DA:84,0
DA:87,0
DA:88,0
DA:90,0
DA:94,0
DA:95,0
DA:97,0
DA:98,0
DA:106,0
DA:107,0
DA:110,0
DA:112,0
DA:113,0
DA:115,0
DA:118,0
DA:122,0
DA:134,0
DA:147,0
DA:153,0
DA:158,0
DA:161,0
DA:164,0
LF:54
LH:0
BRDA:55,0,0,0
BRDA:55,0,1,0
BRDA:83,1,0,0
BRDA:83,1,1,0
BRDA:106,2,0,0
BRDA:106,2,1,0
BRDA:112,3,0,0
BRDA:112,3,1,0
BRF:8
BRH:0
end_of_record
TN:
SF:src\utils\auth.js
FN:1,parseJwt
FN:5,(anonymous_1)
FN:15,isTokenValid
FNF:3
FNH:0
FNDA:0,parseJwt
FNDA:0,(anonymous_1)
FNDA:0,isTokenValid
DA:2,0
DA:3,0
DA:4,0
DA:5,0
DA:6,0
DA:9,0
DA:11,0
DA:16,0
DA:17,0
DA:20,0
DA:21,0
LF:11
LH:0
BRDA:2,0,0,0
BRDA:2,0,1,0
BRDA:16,1,0,0
BRDA:16,1,1,0
BRF:4
BRH:0
end_of_record
